24-08-31.21:46:25.426 [main            ] INFO  ShardingTest           - Starting ShardingTest using Java 17.0.8 on MECHREVO with PID 357756 (started by wucha in E:\projects\marketing\backend\ddd-main-app)
24-08-31.21:46:25.429 [main            ] INFO  ShardingTest           - The following 1 profile is active: "dev"
24-08-31.21:46:26.639 [main            ] INFO  RepositoryConfigurationDelegate - Multiple Spring Data modules found, entering strict repository configuration mode
24-08-31.21:46:26.644 [main            ] INFO  RepositoryConfigurationDelegate - Bootstrapping Spring Data Redis repositories in DEFAULT mode.
24-08-31.21:46:26.689 [main            ] INFO  RepositoryConfigurationDelegate - Finished Spring Data repository scanning in 23 ms. Found 0 Redis repository interfaces.
24-08-31.21:46:28.598 [main            ] INFO  Version                - Redisson 3.23.4
24-08-31.21:46:33.705 [main            ] WARN  GenericWebApplicationContext - Exception encountered during context initialization - cancelling refresh attempt: org.springframework.beans.factory.BeanCreationException: Error creating bean with name 'lotteryController': Injection of resource dependencies failed; nested exception is org.springframework.beans.factory.BeanCreationException: Error creating bean with name 'strategyInitializer': Injection of resource dependencies failed; nested exception is org.springframework.beans.factory.BeanCreationException: Error creating bean with name 'strategyRepo': Injection of resource dependencies failed; nested exception is org.springframework.beans.factory.BeanCreationException: Error creating bean with name 'redissonService': Injection of resource dependencies failed; nested exception is org.springframework.beans.factory.BeanCreationException: Error creating bean with name 'redisson' defined in class path resource [org/redisson/spring/starter/RedissonAutoConfiguration.class]: Bean instantiation via factory method failed; nested exception is org.springframework.beans.BeanInstantiationException: Failed to instantiate [org.redisson.api.RedissonClient]: Factory method 'redisson' threw exception; nested exception is org.redisson.client.RedisConnectionException: Unable to connect to Redis server: localhost/127.0.0.1:6379
24-08-31.21:47:17.009 [main            ] INFO  ShardingTest           - Starting ShardingTest using Java 17.0.8 on MECHREVO with PID 355728 (started by wucha in E:\projects\marketing\backend\ddd-main-app)
24-08-31.21:47:17.011 [main            ] INFO  ShardingTest           - The following 1 profile is active: "dev"
24-08-31.21:47:18.323 [main            ] INFO  RepositoryConfigurationDelegate - Multiple Spring Data modules found, entering strict repository configuration mode
24-08-31.21:47:18.326 [main            ] INFO  RepositoryConfigurationDelegate - Bootstrapping Spring Data Redis repositories in DEFAULT mode.
24-08-31.21:47:18.372 [main            ] INFO  RepositoryConfigurationDelegate - Finished Spring Data repository scanning in 19 ms. Found 0 Redis repository interfaces.
24-08-31.21:47:20.561 [main            ] INFO  Version                - Redisson 3.23.4
24-08-31.21:47:21.253 [redisson-netty-2-5] INFO  MasterPubSubConnectionPool - 1 connections initialized for localhost/127.0.0.1:6379
24-08-31.21:47:21.393 [redisson-netty-2-20] INFO  MasterConnectionPool   - 24 connections initialized for localhost/127.0.0.1:6379
24-08-31.21:47:23.631 [main            ] INFO  EndpointLinksResolver  - Exposing 1 endpoint(s) beneath base path '/actuator'
24-08-31.21:47:23.720 [main            ] INFO  ShardingTest           - Started ShardingTest in 7.335 seconds (JVM running for 8.651)
24-08-31.21:47:24.428 [main            ] INFO  HikariDataSource       - Retail_HikariCP - Starting...
24-08-31.21:47:25.083 [main            ] INFO  HikariDataSource       - Retail_HikariCP - Start completed.
24-08-31.22:13:10.934 [main            ] INFO  RedisTest              - Starting RedisTest using Java 17.0.8 on MECHREVO with PID 369704 (started by wucha in E:\projects\marketing\backend\ddd-main-app)
24-08-31.22:13:10.935 [main            ] INFO  RedisTest              - The following 1 profile is active: "dev"
24-08-31.22:13:12.369 [main            ] INFO  RepositoryConfigurationDelegate - Multiple Spring Data modules found, entering strict repository configuration mode
24-08-31.22:13:12.373 [main            ] INFO  RepositoryConfigurationDelegate - Bootstrapping Spring Data Redis repositories in DEFAULT mode.
24-08-31.22:13:12.427 [main            ] INFO  RepositoryConfigurationDelegate - Finished Spring Data repository scanning in 23 ms. Found 0 Redis repository interfaces.
24-08-31.22:13:14.811 [main            ] INFO  Version                - Redisson 3.23.4
24-08-31.22:13:15.473 [redisson-netty-2-5] INFO  MasterPubSubConnectionPool - 1 connections initialized for localhost/127.0.0.1:6379
24-08-31.22:13:15.618 [redisson-netty-2-20] INFO  MasterConnectionPool   - 24 connections initialized for localhost/127.0.0.1:6379
24-08-31.22:13:17.669 [main            ] INFO  EndpointLinksResolver  - Exposing 1 endpoint(s) beneath base path '/actuator'
24-08-31.22:13:17.791 [main            ] INFO  RedisTest              - Started RedisTest in 7.502 seconds (JVM running for 8.686)
24-08-31.22:13:26.468 [main            ] INFO  StrategyTest           - Starting StrategyTest using Java 17.0.8 on MECHREVO with PID 360984 (started by wucha in E:\projects\marketing\backend\ddd-main-app)
24-08-31.22:13:26.469 [main            ] INFO  StrategyTest           - The following 1 profile is active: "dev"
24-08-31.22:13:27.614 [main            ] INFO  RepositoryConfigurationDelegate - Multiple Spring Data modules found, entering strict repository configuration mode
24-08-31.22:13:27.618 [main            ] INFO  RepositoryConfigurationDelegate - Bootstrapping Spring Data Redis repositories in DEFAULT mode.
24-08-31.22:13:27.661 [main            ] INFO  RepositoryConfigurationDelegate - Finished Spring Data repository scanning in 23 ms. Found 0 Redis repository interfaces.
24-08-31.22:13:29.492 [main            ] INFO  Version                - Redisson 3.23.4
24-08-31.22:13:30.066 [redisson-netty-2-5] INFO  MasterPubSubConnectionPool - 1 connections initialized for localhost/127.0.0.1:6379
24-08-31.22:13:30.198 [redisson-netty-2-20] INFO  MasterConnectionPool   - 24 connections initialized for localhost/127.0.0.1:6379
24-08-31.22:13:32.375 [main            ] INFO  EndpointLinksResolver  - Exposing 1 endpoint(s) beneath base path '/actuator'
24-08-31.22:13:32.456 [main            ] INFO  StrategyTest           - Started StrategyTest in 6.557 seconds (JVM running for 7.579)
24-08-31.22:13:33.297 [main            ] INFO  HikariDataSource       - Retail_HikariCP - Starting...
24-08-31.22:13:33.884 [main            ] INFO  HikariDataSource       - Retail_HikariCP - Start completed.
24-08-31.22:13:34.458 [main            ] INFO  StrategyTest           - lottery1: get awardId105
24-08-31.22:13:34.463 [main            ] INFO  StrategyTest           - lottery2: get awardId107
24-08-31.22:13:34.468 [main            ] INFO  StrategyTest           - lottery3: get awardId103
24-08-31.22:13:40.264 [main            ] INFO  StrategyTest           - Starting StrategyTest using Java 17.0.8 on MECHREVO with PID 372536 (started by wucha in E:\projects\marketing\backend\ddd-main-app)
24-08-31.22:13:40.265 [main            ] INFO  StrategyTest           - The following 1 profile is active: "dev"
24-08-31.22:13:41.313 [main            ] INFO  RepositoryConfigurationDelegate - Multiple Spring Data modules found, entering strict repository configuration mode
24-08-31.22:13:41.317 [main            ] INFO  RepositoryConfigurationDelegate - Bootstrapping Spring Data Redis repositories in DEFAULT mode.
24-08-31.22:13:41.362 [main            ] INFO  RepositoryConfigurationDelegate - Finished Spring Data repository scanning in 25 ms. Found 0 Redis repository interfaces.
24-08-31.22:13:43.164 [main            ] INFO  Version                - Redisson 3.23.4
24-08-31.22:13:43.719 [redisson-netty-2-5] INFO  MasterPubSubConnectionPool - 1 connections initialized for localhost/127.0.0.1:6379
24-08-31.22:13:43.845 [redisson-netty-2-20] INFO  MasterConnectionPool   - 24 connections initialized for localhost/127.0.0.1:6379
24-08-31.22:13:45.958 [main            ] INFO  EndpointLinksResolver  - Exposing 1 endpoint(s) beneath base path '/actuator'
24-08-31.22:13:46.055 [main            ] INFO  StrategyTest           - Started StrategyTest in 6.327 seconds (JVM running for 7.383)
24-08-31.22:13:46.911 [main            ] INFO  HikariDataSource       - Retail_HikariCP - Starting...
24-08-31.22:13:47.308 [main            ] INFO  HikariDataSource       - Retail_HikariCP - Start completed.
24-08-31.22:14:38.847 [main            ] INFO  StrategyTest           - Starting StrategyTest using Java 17.0.8 on MECHREVO with PID 335076 (started by wucha in E:\projects\marketing\backend\ddd-main-app)
24-08-31.22:14:38.849 [main            ] INFO  StrategyTest           - The following 1 profile is active: "dev"
24-08-31.22:14:40.153 [main            ] INFO  RepositoryConfigurationDelegate - Multiple Spring Data modules found, entering strict repository configuration mode
24-08-31.22:14:40.157 [main            ] INFO  RepositoryConfigurationDelegate - Bootstrapping Spring Data Redis repositories in DEFAULT mode.
24-08-31.22:14:40.207 [main            ] INFO  RepositoryConfigurationDelegate - Finished Spring Data repository scanning in 23 ms. Found 0 Redis repository interfaces.
24-08-31.22:14:42.562 [main            ] INFO  Version                - Redisson 3.23.4
24-08-31.22:14:43.279 [redisson-netty-2-5] INFO  MasterPubSubConnectionPool - 1 connections initialized for localhost/127.0.0.1:6379
24-08-31.22:14:43.419 [redisson-netty-2-20] INFO  MasterConnectionPool   - 24 connections initialized for localhost/127.0.0.1:6379
24-08-31.22:14:46.657 [main            ] INFO  EndpointLinksResolver  - Exposing 1 endpoint(s) beneath base path '/actuator'
24-08-31.22:14:46.943 [main            ] INFO  StrategyTest           - Started StrategyTest in 8.711 seconds (JVM running for 11.243)
24-08-31.22:14:49.889 [main            ] INFO  RedisTest              - Starting RedisTest using Java 17.0.8 on MECHREVO with PID 367580 (started by wucha in E:\projects\marketing\backend\ddd-main-app)
24-08-31.22:14:49.891 [main            ] INFO  RedisTest              - The following 1 profile is active: "dev"
24-08-31.22:14:51.581 [main            ] INFO  RepositoryConfigurationDelegate - Multiple Spring Data modules found, entering strict repository configuration mode
24-08-31.22:14:51.585 [main            ] INFO  RepositoryConfigurationDelegate - Bootstrapping Spring Data Redis repositories in DEFAULT mode.
24-08-31.22:14:51.632 [main            ] INFO  RepositoryConfigurationDelegate - Finished Spring Data repository scanning in 25 ms. Found 0 Redis repository interfaces.
24-08-31.22:14:54.019 [main            ] INFO  Version                - Redisson 3.23.4
24-08-31.22:14:54.684 [redisson-netty-2-5] INFO  MasterPubSubConnectionPool - 1 connections initialized for localhost/127.0.0.1:6379
24-08-31.22:14:54.832 [redisson-netty-2-20] INFO  MasterConnectionPool   - 24 connections initialized for localhost/127.0.0.1:6379
24-08-31.22:14:56.850 [main            ] INFO  EndpointLinksResolver  - Exposing 1 endpoint(s) beneath base path '/actuator'
24-08-31.22:14:56.918 [main            ] INFO  RedisTest              - Started RedisTest in 7.871 seconds (JVM running for 9.442)
24-08-31.22:15:02.999 [main            ] INFO  RedisTest              - Starting RedisTest using Java 17.0.8 on MECHREVO with PID 373092 (started by wucha in E:\projects\marketing\backend\ddd-main-app)
24-08-31.22:15:03.000 [main            ] INFO  RedisTest              - The following 1 profile is active: "dev"
24-08-31.22:15:04.165 [main            ] INFO  RepositoryConfigurationDelegate - Multiple Spring Data modules found, entering strict repository configuration mode
24-08-31.22:15:04.169 [main            ] INFO  RepositoryConfigurationDelegate - Bootstrapping Spring Data Redis repositories in DEFAULT mode.
24-08-31.22:15:04.210 [main            ] INFO  RepositoryConfigurationDelegate - Finished Spring Data repository scanning in 22 ms. Found 0 Redis repository interfaces.
24-08-31.22:15:06.096 [main            ] INFO  Version                - Redisson 3.23.4
24-08-31.22:15:06.635 [redisson-netty-2-6] INFO  MasterPubSubConnectionPool - 1 connections initialized for localhost/127.0.0.1:6379
24-08-31.22:15:06.751 [redisson-netty-2-20] INFO  MasterConnectionPool   - 24 connections initialized for localhost/127.0.0.1:6379
24-08-31.22:15:08.653 [main            ] INFO  EndpointLinksResolver  - Exposing 1 endpoint(s) beneath base path '/actuator'
24-08-31.22:15:08.724 [main            ] INFO  RedisTest              - Started RedisTest in 6.316 seconds (JVM running for 7.418)
24-08-31.22:15:17.943 [main            ] INFO  HikariDataSource       - Retail_HikariCP - Starting...
24-08-31.22:15:30.363 [main            ] INFO  StrategyTest           - Starting StrategyTest using Java 17.0.8 on MECHREVO with PID 373712 (started by wucha in E:\projects\marketing\backend\ddd-main-app)
24-08-31.22:15:30.364 [main            ] INFO  StrategyTest           - The following 1 profile is active: "dev"
24-08-31.22:15:31.475 [main            ] INFO  RepositoryConfigurationDelegate - Multiple Spring Data modules found, entering strict repository configuration mode
24-08-31.22:15:31.479 [main            ] INFO  RepositoryConfigurationDelegate - Bootstrapping Spring Data Redis repositories in DEFAULT mode.
24-08-31.22:15:31.520 [main            ] INFO  RepositoryConfigurationDelegate - Finished Spring Data repository scanning in 21 ms. Found 0 Redis repository interfaces.
24-08-31.22:15:33.336 [main            ] INFO  Version                - Redisson 3.23.4
24-08-31.22:15:33.881 [redisson-netty-2-5] INFO  MasterPubSubConnectionPool - 1 connections initialized for localhost/127.0.0.1:6379
24-08-31.22:15:34.000 [redisson-netty-2-20] INFO  MasterConnectionPool   - 24 connections initialized for localhost/127.0.0.1:6379
24-08-31.22:15:36.057 [main            ] INFO  EndpointLinksResolver  - Exposing 1 endpoint(s) beneath base path '/actuator'
24-08-31.22:15:36.124 [main            ] INFO  StrategyTest           - Started StrategyTest in 6.296 seconds (JVM running for 7.249)
24-08-31.22:15:36.736 [main            ] INFO  HikariDataSource       - Retail_HikariCP - Starting...
24-08-31.22:15:37.297 [main            ] INFO  HikariDataSource       - Retail_HikariCP - Start completed.
24-08-31.22:15:43.850 [main            ] INFO  StrategyTest           - Starting StrategyTest using Java 17.0.8 on MECHREVO with PID 373104 (started by wucha in E:\projects\marketing\backend\ddd-main-app)
24-08-31.22:15:43.853 [main            ] INFO  StrategyTest           - The following 1 profile is active: "dev"
24-08-31.22:15:45.034 [main            ] INFO  RepositoryConfigurationDelegate - Multiple Spring Data modules found, entering strict repository configuration mode
24-08-31.22:15:45.038 [main            ] INFO  RepositoryConfigurationDelegate - Bootstrapping Spring Data Redis repositories in DEFAULT mode.
24-08-31.22:15:45.083 [main            ] INFO  RepositoryConfigurationDelegate - Finished Spring Data repository scanning in 25 ms. Found 0 Redis repository interfaces.
24-08-31.22:15:47.177 [main            ] INFO  Version                - Redisson 3.23.4
24-08-31.22:15:47.816 [redisson-netty-2-6] INFO  MasterPubSubConnectionPool - 1 connections initialized for localhost/127.0.0.1:6379
24-08-31.22:15:47.944 [redisson-netty-2-20] INFO  MasterConnectionPool   - 24 connections initialized for localhost/127.0.0.1:6379
24-08-31.22:15:50.386 [main            ] INFO  EndpointLinksResolver  - Exposing 1 endpoint(s) beneath base path '/actuator'
24-08-31.22:15:50.467 [main            ] INFO  StrategyTest           - Started StrategyTest in 7.217 seconds (JVM running for 8.359)
24-08-31.22:16:08.262 [main            ] INFO  HikariDataSource       - Retail_HikariCP - Starting...
24-08-31.22:16:09.855 [main            ] INFO  HikariDataSource       - Retail_HikariCP - Start completed.
24-08-31.22:16:20.591 [main            ] INFO  RedisTest              - Starting RedisTest using Java 17.0.8 on MECHREVO with PID 373456 (started by wucha in E:\projects\marketing\backend\ddd-main-app)
24-08-31.22:16:20.592 [main            ] INFO  RedisTest              - The following 1 profile is active: "dev"
24-08-31.22:16:21.650 [main            ] INFO  RepositoryConfigurationDelegate - Multiple Spring Data modules found, entering strict repository configuration mode
24-08-31.22:16:21.654 [main            ] INFO  RepositoryConfigurationDelegate - Bootstrapping Spring Data Redis repositories in DEFAULT mode.
24-08-31.22:16:21.696 [main            ] INFO  RepositoryConfigurationDelegate - Finished Spring Data repository scanning in 20 ms. Found 0 Redis repository interfaces.
24-08-31.22:16:23.677 [main            ] INFO  Version                - Redisson 3.23.4
24-08-31.22:16:24.271 [redisson-netty-2-6] INFO  MasterPubSubConnectionPool - 1 connections initialized for localhost/127.0.0.1:6379
24-08-31.22:16:24.395 [redisson-netty-2-20] INFO  MasterConnectionPool   - 24 connections initialized for localhost/127.0.0.1:6379
24-08-31.22:16:26.542 [main            ] INFO  EndpointLinksResolver  - Exposing 1 endpoint(s) beneath base path '/actuator'
24-08-31.22:16:26.610 [main            ] INFO  RedisTest              - Started RedisTest in 6.59 seconds (JVM running for 7.644)
24-08-31.22:17:07.274 [main            ] INFO  StrategyTest           - Starting StrategyTest using Java 17.0.8 on MECHREVO with PID 373924 (started by wucha in E:\projects\marketing\backend\ddd-main-app)
24-08-31.22:17:07.277 [main            ] INFO  StrategyTest           - The following 1 profile is active: "dev"
24-08-31.22:17:08.414 [main            ] INFO  RepositoryConfigurationDelegate - Multiple Spring Data modules found, entering strict repository configuration mode
24-08-31.22:17:08.418 [main            ] INFO  RepositoryConfigurationDelegate - Bootstrapping Spring Data Redis repositories in DEFAULT mode.
24-08-31.22:17:08.462 [main            ] INFO  RepositoryConfigurationDelegate - Finished Spring Data repository scanning in 24 ms. Found 0 Redis repository interfaces.
24-08-31.22:17:10.365 [main            ] INFO  Version                - Redisson 3.23.4
24-08-31.22:17:10.930 [redisson-netty-2-5] INFO  MasterPubSubConnectionPool - 1 connections initialized for localhost/127.0.0.1:6379
24-08-31.22:17:11.062 [redisson-netty-2-20] INFO  MasterConnectionPool   - 24 connections initialized for localhost/127.0.0.1:6379
24-08-31.22:17:13.789 [main            ] INFO  EndpointLinksResolver  - Exposing 1 endpoint(s) beneath base path '/actuator'
24-08-31.22:17:13.916 [main            ] INFO  StrategyTest           - Started StrategyTest in 7.223 seconds (JVM running for 8.499)
24-08-31.22:17:19.402 [main            ] INFO  HikariDataSource       - Retail_HikariCP - Starting...
24-08-31.22:17:21.170 [main            ] INFO  HikariDataSource       - Retail_HikariCP - Start completed.
24-08-31.22:18:01.993 [main            ] INFO  StrategyTest           - Starting StrategyTest using Java 17.0.8 on MECHREVO with PID 373228 (started by wucha in E:\projects\marketing\backend\ddd-main-app)
24-08-31.22:18:01.995 [main            ] INFO  StrategyTest           - The following 1 profile is active: "dev"
24-08-31.22:18:03.185 [main            ] INFO  RepositoryConfigurationDelegate - Multiple Spring Data modules found, entering strict repository configuration mode
24-08-31.22:18:03.190 [main            ] INFO  RepositoryConfigurationDelegate - Bootstrapping Spring Data Redis repositories in DEFAULT mode.
24-08-31.22:18:03.242 [main            ] INFO  RepositoryConfigurationDelegate - Finished Spring Data repository scanning in 23 ms. Found 0 Redis repository interfaces.
24-08-31.22:18:05.340 [main            ] INFO  Version                - Redisson 3.23.4
24-08-31.22:18:05.954 [redisson-netty-2-5] INFO  MasterPubSubConnectionPool - 1 connections initialized for localhost/127.0.0.1:6379
24-08-31.22:18:06.099 [redisson-netty-2-20] INFO  MasterConnectionPool   - 24 connections initialized for localhost/127.0.0.1:6379
24-08-31.22:18:08.670 [main            ] INFO  EndpointLinksResolver  - Exposing 1 endpoint(s) beneath base path '/actuator'
24-08-31.22:18:08.775 [main            ] INFO  StrategyTest           - Started StrategyTest in 7.43 seconds (JVM running for 8.735)
24-08-31.22:18:12.772 [main            ] INFO  HikariDataSource       - Retail_HikariCP - Starting...
24-08-31.22:18:13.328 [main            ] INFO  HikariDataSource       - Retail_HikariCP - Start completed.
24-08-31.22:18:32.642 [Retail_HikariCP housekeeper] WARN  HikariPool             - Retail_HikariCP - Thread starvation or clock leap detected (housekeeper delta=49s313ms753µs200ns).
24-08-31.22:19:19.551 [main            ] INFO  StrategyTest           - Starting StrategyTest using Java 17.0.8 on MECHREVO with PID 373056 (started by wucha in E:\projects\marketing\backend\ddd-main-app)
24-08-31.22:19:19.553 [main            ] INFO  StrategyTest           - The following 1 profile is active: "dev"
24-08-31.22:19:20.692 [main            ] INFO  RepositoryConfigurationDelegate - Multiple Spring Data modules found, entering strict repository configuration mode
24-08-31.22:19:20.696 [main            ] INFO  RepositoryConfigurationDelegate - Bootstrapping Spring Data Redis repositories in DEFAULT mode.
24-08-31.22:19:20.743 [main            ] INFO  RepositoryConfigurationDelegate - Finished Spring Data repository scanning in 25 ms. Found 0 Redis repository interfaces.
24-08-31.22:19:22.783 [main            ] INFO  Version                - Redisson 3.23.4
24-08-31.22:19:23.376 [redisson-netty-2-5] INFO  MasterPubSubConnectionPool - 1 connections initialized for localhost/127.0.0.1:6379
24-08-31.22:19:23.580 [redisson-netty-2-20] INFO  MasterConnectionPool   - 24 connections initialized for localhost/127.0.0.1:6379
24-08-31.22:19:25.905 [main            ] INFO  EndpointLinksResolver  - Exposing 1 endpoint(s) beneath base path '/actuator'
24-08-31.22:19:26.000 [main            ] INFO  StrategyTest           - Started StrategyTest in 7.033 seconds (JVM running for 8.133)
24-08-31.22:19:29.809 [main            ] INFO  HikariDataSource       - Retail_HikariCP - Starting...
24-08-31.22:19:30.214 [main            ] INFO  HikariDataSource       - Retail_HikariCP - Start completed.
24-08-31.22:21:12.484 [main            ] INFO  StrategyTest           - Starting StrategyTest using Java 17.0.8 on MECHREVO with PID 370284 (started by wucha in E:\projects\marketing\backend\ddd-main-app)
24-08-31.22:21:12.486 [main            ] INFO  StrategyTest           - The following 1 profile is active: "dev"
24-08-31.22:21:13.715 [main            ] INFO  RepositoryConfigurationDelegate - Multiple Spring Data modules found, entering strict repository configuration mode
24-08-31.22:21:13.719 [main            ] INFO  RepositoryConfigurationDelegate - Bootstrapping Spring Data Redis repositories in DEFAULT mode.
24-08-31.22:21:13.762 [main            ] INFO  RepositoryConfigurationDelegate - Finished Spring Data repository scanning in 19 ms. Found 0 Redis repository interfaces.
24-08-31.22:21:15.988 [main            ] INFO  Version                - Redisson 3.23.4
24-08-31.22:21:16.626 [redisson-netty-2-5] INFO  MasterPubSubConnectionPool - 1 connections initialized for localhost/127.0.0.1:6379
24-08-31.22:21:16.754 [redisson-netty-2-20] INFO  MasterConnectionPool   - 24 connections initialized for localhost/127.0.0.1:6379
24-08-31.22:21:19.427 [main            ] INFO  EndpointLinksResolver  - Exposing 1 endpoint(s) beneath base path '/actuator'
24-08-31.22:21:19.538 [main            ] INFO  StrategyTest           - Started StrategyTest in 7.701 seconds (JVM running for 8.888)
24-08-31.22:21:23.379 [main            ] INFO  HikariDataSource       - Retail_HikariCP - Starting...
24-08-31.22:21:23.991 [main            ] INFO  HikariDataSource       - Retail_HikariCP - Start completed.
24-08-31.22:21:50.763 [main            ] INFO  StrategyTest           - Starting StrategyTest using Java 17.0.8 on MECHREVO with PID 372668 (started by wucha in E:\projects\marketing\backend\ddd-main-app)
24-08-31.22:21:50.765 [main            ] INFO  StrategyTest           - The following 1 profile is active: "dev"
24-08-31.22:21:52.008 [main            ] INFO  RepositoryConfigurationDelegate - Multiple Spring Data modules found, entering strict repository configuration mode
24-08-31.22:21:52.011 [main            ] INFO  RepositoryConfigurationDelegate - Bootstrapping Spring Data Redis repositories in DEFAULT mode.
24-08-31.22:21:52.061 [main            ] INFO  RepositoryConfigurationDelegate - Finished Spring Data repository scanning in 28 ms. Found 0 Redis repository interfaces.
24-08-31.22:21:54.231 [main            ] INFO  Version                - Redisson 3.23.4
24-08-31.22:21:54.804 [redisson-netty-2-5] INFO  MasterPubSubConnectionPool - 1 connections initialized for localhost/127.0.0.1:6379
24-08-31.22:21:54.903 [redisson-netty-2-20] INFO  MasterConnectionPool   - 24 connections initialized for localhost/127.0.0.1:6379
24-08-31.22:21:56.908 [main            ] INFO  EndpointLinksResolver  - Exposing 1 endpoint(s) beneath base path '/actuator'
24-08-31.22:21:57.008 [main            ] INFO  StrategyTest           - Started StrategyTest in 6.834 seconds (JVM running for 7.859)
24-08-31.22:21:57.678 [main            ] INFO  StrategyTest           - lottery1: get awardId105
24-08-31.22:21:57.688 [main            ] INFO  StrategyTest           - lottery2: get awardId102
24-08-31.22:21:57.695 [main            ] INFO  StrategyTest           - lottery3: get awardId103
24-08-31.22:21:57.695 [main            ] INFO  StrategyTest           - -------------------------------------------------------------------
24-08-31.22:21:57.702 [main            ] INFO  StrategyTest           - lottery1: get awardId103
24-08-31.22:21:57.710 [main            ] INFO  StrategyTest           - lottery2: get awardId103
24-08-31.22:21:57.717 [main            ] INFO  StrategyTest           - lottery3: get awardId103
24-08-31.22:21:57.717 [main            ] INFO  StrategyTest           - -------------------------------------------------------------------
24-08-31.22:21:57.722 [main            ] INFO  StrategyTest           - lottery1: get awardId104
24-08-31.22:21:57.728 [main            ] INFO  StrategyTest           - lottery2: get awardId102
24-08-31.22:21:57.734 [main            ] INFO  StrategyTest           - lottery3: get awardId102
24-08-31.22:25:06.961 [main            ] INFO  RaffleOrderTest        - Starting RaffleOrderTest using Java 17.0.8 on MECHREVO with PID 373904 (started by wucha in E:\projects\marketing\backend\ddd-main-app)
24-08-31.22:25:06.962 [main            ] INFO  RaffleOrderTest        - The following 1 profile is active: "dev"
24-08-31.22:25:08.343 [main            ] INFO  RepositoryConfigurationDelegate - Multiple Spring Data modules found, entering strict repository configuration mode
24-08-31.22:25:08.347 [main            ] INFO  RepositoryConfigurationDelegate - Bootstrapping Spring Data Redis repositories in DEFAULT mode.
24-08-31.22:25:08.401 [main            ] INFO  RepositoryConfigurationDelegate - Finished Spring Data repository scanning in 27 ms. Found 0 Redis repository interfaces.
24-08-31.22:25:10.616 [main            ] INFO  Version                - Redisson 3.23.4
24-08-31.22:25:11.168 [redisson-netty-2-6] INFO  MasterPubSubConnectionPool - 1 connections initialized for localhost/127.0.0.1:6379
24-08-31.22:25:11.281 [redisson-netty-2-20] INFO  MasterConnectionPool   - 24 connections initialized for localhost/127.0.0.1:6379
24-08-31.22:25:13.442 [main            ] INFO  EndpointLinksResolver  - Exposing 1 endpoint(s) beneath base path '/actuator'
24-08-31.22:25:13.522 [main            ] INFO  RaffleOrderTest        - Started RaffleOrderTest in 7.154 seconds (JVM running for 8.305)
24-08-31.22:25:14.233 [main            ] INFO  HikariDataSource       - Retail_HikariCP - Starting...
24-08-31.22:25:14.761 [main            ] INFO  HikariDataSource       - Retail_HikariCP - Start completed.
24-08-31.22:25:15.278 [main            ] INFO  AbstractRaffleOrderService - 查询结果：{"activityCountId":11101,"activityId":100301,"sku":9011,"stockCount":0,"stockCountSurplus":0} {"activityDesc":"测试活动","activityId":100301,"activityName":"测试活动","beginDateTime":1709979310000,"endDateTime":2025512110000,"state":"complete","strategyId":100006} {"activityCountId":11101,"dayCount":1,"monthCount":1,"totalCount":1}
