24-08-27.22:21:37.050 [main            ] INFO  Application            - Starting Application using Java 17.0.8 on MECHREVO with PID 5404 (E:\projects\marketing\backend\ddd-main-app\target\classes started by wucha in E:\projects\marketing\backend)
24-08-27.22:21:37.052 [main            ] INFO  Application            - The following 1 profile is active: "dev"
24-08-27.22:21:37.594 [main            ] INFO  RepositoryConfigurationDelegate - Multiple Spring Data modules found, entering strict repository configuration mode
24-08-27.22:21:37.596 [main            ] INFO  RepositoryConfigurationDelegate - Bootstrapping Spring Data Redis repositories in DEFAULT mode.
24-08-27.22:21:37.615 [main            ] INFO  RepositoryConfigurationDelegate - Finished Spring Data repository scanning in 9 ms. Found 0 Redis repository interfaces.
24-08-27.22:21:38.128 [main            ] INFO  TomcatWebServer        - Tomcat initialized with port(s): 8091 (http)
24-08-27.22:21:38.136 [main            ] INFO  Http11NioProtocol      - Initializing ProtocolHandler ["http-nio-8091"]
24-08-27.22:21:38.136 [main            ] INFO  StandardService        - Starting service [Tomcat]
24-08-27.22:21:38.136 [main            ] INFO  StandardEngine         - Starting Servlet engine: [Apache Tomcat/9.0.75]
24-08-27.22:21:38.220 [main            ] INFO  [/]                    - Initializing Spring embedded WebApplicationContext
24-08-27.22:21:38.221 [main            ] INFO  ServletWebServerApplicationContext - Root WebApplicationContext: initialization completed in 1140 ms
24-08-27.22:21:38.608 [main            ] INFO  Version                - Redisson 3.23.4
24-08-27.22:21:38.852 [redisson-netty-2-5] INFO  MasterPubSubConnectionPool - 1 connections initialized for localhost/127.0.0.1:6379
24-08-27.22:21:38.901 [redisson-netty-2-20] INFO  MasterConnectionPool   - 24 connections initialized for localhost/127.0.0.1:6379
24-08-27.22:21:39.371 [main            ] INFO  EndpointLinksResolver  - Exposing 1 endpoint(s) beneath base path '/actuator'
24-08-27.22:21:39.388 [main            ] INFO  Http11NioProtocol      - Starting ProtocolHandler ["http-nio-8091"]
24-08-27.22:21:39.396 [main            ] INFO  TomcatWebServer        - Tomcat started on port(s): 8091 (http) with context path ''
24-08-27.22:21:39.409 [main            ] INFO  Application            - Started Application in 2.648 seconds (JVM running for 3.1)
24-08-27.22:21:39.904 [RMI TCP Connection(3)-172.26.46.189] INFO  [/]                    - Initializing Spring DispatcherServlet 'dispatcherServlet'
24-08-27.22:21:39.905 [RMI TCP Connection(3)-172.26.46.189] INFO  DispatcherServlet      - Initializing Servlet 'dispatcherServlet'
24-08-27.22:21:39.905 [RMI TCP Connection(3)-172.26.46.189] INFO  DispatcherServlet      - Completed initialization in 0 ms
24-08-27.22:21:39.907 [RMI TCP Connection(4)-172.26.46.189] INFO  HikariDataSource       - HikariPool-1 - Starting...
24-08-27.22:21:40.172 [RMI TCP Connection(4)-172.26.46.189] INFO  HikariDataSource       - HikariPool-1 - Start completed.
24-08-27.22:21:53.532 [http-nio-8091-exec-1] INFO  LotteryController      - 抽奖策略装配开始 strategyId：100006
24-08-27.22:21:53.774 [http-nio-8091-exec-1] INFO  LotteryController      - 抽奖策略装配完成 strategyId：100006 response: {"code":"0000","data":true,"info":"调用成功"}
24-08-27.22:21:56.626 [http-nio-8091-exec-6] INFO  LotteryController      - 查询抽奖奖品列表配开始 strategyId：100006
24-08-27.22:21:56.636 [http-nio-8091-exec-6] INFO  LotteryController      - 查询抽奖奖品列表配置完成 strategyId：100006 response: {"code":"0000","data":[{"awardId":101,"awardTitle":"随机积分","sort":1},{"awardId":102,"awardTitle":"7等奖","sort":2},{"awardId":103,"awardTitle":"6等奖","sort":3},{"awardId":104,"awardTitle":"5等奖","sort":4},{"awardId":105,"awardTitle":"4等奖","sort":5},{"awardId":106,"awardSubtitle":"抽奖1次后解锁","awardTitle":"3等奖","sort":6},{"awardId":107,"awardSubtitle":"抽奖1次后解锁","awardTitle":"2等奖","sort":7},{"awardId":108,"awardSubtitle":"抽奖2次后解锁","awardTitle":"1等奖","sort":8}],"info":"调用成功"}
24-08-27.22:22:07.527 [http-nio-8091-exec-5] INFO  LotteryController      - 随机抽奖开始 strategyId: 100006
24-08-27.22:22:07.535 [http-nio-8091-exec-5] INFO  DefaultLotteryFilter   - 抽奖责任链-默认处理 userId: xiaofuge strategyId: 100006 ruleModel: default_rule awardId: 101
24-08-27.22:22:07.535 [http-nio-8091-exec-5] INFO  AbstractLotteryService - 抽奖策略计算-责任链 xiaofuge 100006 101 default_rule
24-08-27.22:22:07.554 [http-nio-8091-exec-5] INFO  RuleStockLogicTreeNode - 规则过滤-库存扣减 userId:xiaofuge strategyId:100006 awardId:101
24-08-27.22:22:07.556 [http-nio-8091-exec-5] INFO  RuleStockLogicTreeNode - 规则过滤-库存扣减-成功 userId:xiaofuge strategyId:100006 awardId:101
24-08-27.22:22:07.575 [http-nio-8091-exec-5] INFO  DecisionTreeEngine     - 决策树引擎【规则树-兜底奖励】treeId:tree_luck_award node:rule_stock code:0001
24-08-27.22:22:07.576 [http-nio-8091-exec-5] INFO  AbstractLotteryService - 抽奖策略计算-规则树 xiaofuge 100006 101 null
24-08-27.22:22:07.583 [http-nio-8091-exec-5] INFO  LotteryController      - 随机抽奖完成 strategyId: 100006 response: {"code":"0000","data":{"awardId":101,"awardIndex":1},"info":"调用成功"}
24-08-27.22:22:13.704 [SpringApplicationShutdownHook] INFO  HikariDataSource       - HikariPool-1 - Shutdown initiated...
24-08-27.22:22:13.713 [SpringApplicationShutdownHook] INFO  HikariDataSource       - HikariPool-1 - Shutdown completed.
