24-08-03.16:09:40.012 [main            ] INFO  DAOTest                - Starting DAOTest using Java 1.8.0_402 on MECHREVO with PID 190956 (started by wucha in E:\projects\big_market\marketing\ddd-main-app)
24-08-03.16:09:40.013 [main            ] INFO  DAOTest                - The following 1 profile is active: "dev"
24-08-03.16:09:40.921 [main            ] INFO  RepositoryConfigurationDelegate - Multiple Spring Data modules found, entering strict repository configuration mode
24-08-03.16:09:40.924 [main            ] INFO  RepositoryConfigurationDelegate - Bootstrapping Spring Data Redis repositories in DEFAULT mode.
24-08-03.16:09:40.946 [main            ] INFO  RepositoryConfigurationDelegate - Finished Spring Data repository scanning in 8 ms. Found 0 Redis repository interfaces.
24-08-03.16:09:41.984 [main            ] INFO  Version                - Redisson 3.23.4
24-08-03.16:09:42.488 [redisson-netty-2-5] INFO  MasterPubSubConnectionPool - 1 connections initialized for localhost/127.0.0.1:6379
24-08-03.16:09:42.548 [redisson-netty-2-20] INFO  MasterConnectionPool   - 24 connections initialized for localhost/127.0.0.1:6379
24-08-03.16:09:44.181 [main            ] INFO  EndpointLinksResolver  - Exposing 1 endpoint(s) beneath base path '/actuator'
24-08-03.16:09:44.243 [main            ] INFO  DAOTest                - Started DAOTest in 4.6 seconds (JVM running for 5.438)
24-08-03.16:09:44.797 [main            ] INFO  HikariDataSource       - HikariPool-1 - Starting...
24-08-03.16:09:45.209 [main            ] INFO  HikariDataSource       - HikariPool-1 - Start completed.
24-08-03.16:09:45.275 [SpringApplicationShutdownHook] INFO  HikariDataSource       - HikariPool-1 - Shutdown initiated...
24-08-03.16:09:45.282 [SpringApplicationShutdownHook] INFO  HikariDataSource       - HikariPool-1 - Shutdown completed.
24-08-03.16:10:52.251 [main            ] INFO  DAOTest                - Starting DAOTest using Java 1.8.0_402 on MECHREVO with PID 191328 (started by wucha in E:\projects\big_market\marketing\ddd-main-app)
24-08-03.16:10:52.252 [main            ] INFO  DAOTest                - The following 1 profile is active: "dev"
24-08-03.16:10:52.888 [main            ] INFO  RepositoryConfigurationDelegate - Multiple Spring Data modules found, entering strict repository configuration mode
24-08-03.16:10:52.890 [main            ] INFO  RepositoryConfigurationDelegate - Bootstrapping Spring Data Redis repositories in DEFAULT mode.
24-08-03.16:10:52.908 [main            ] INFO  RepositoryConfigurationDelegate - Finished Spring Data repository scanning in 6 ms. Found 0 Redis repository interfaces.
24-08-03.16:10:53.901 [main            ] INFO  Version                - Redisson 3.23.4
24-08-03.16:10:54.426 [redisson-netty-2-5] INFO  MasterPubSubConnectionPool - 1 connections initialized for localhost/127.0.0.1:6379
24-08-03.16:10:54.481 [redisson-netty-2-20] INFO  MasterConnectionPool   - 24 connections initialized for localhost/127.0.0.1:6379
24-08-03.16:10:56.159 [main            ] INFO  EndpointLinksResolver  - Exposing 1 endpoint(s) beneath base path '/actuator'
24-08-03.16:10:56.226 [main            ] INFO  DAOTest                - Started DAOTest in 4.276 seconds (JVM running for 4.958)
24-08-03.16:11:00.198 [main            ] INFO  DAOTest                - Starting DAOTest using Java 1.8.0_402 on MECHREVO with PID 192424 (started by wucha in E:\projects\big_market\marketing\ddd-main-app)
24-08-03.16:11:00.199 [main            ] INFO  DAOTest                - The following 1 profile is active: "dev"
24-08-03.16:11:00.803 [main            ] INFO  RepositoryConfigurationDelegate - Multiple Spring Data modules found, entering strict repository configuration mode
24-08-03.16:11:00.805 [main            ] INFO  RepositoryConfigurationDelegate - Bootstrapping Spring Data Redis repositories in DEFAULT mode.
24-08-03.16:11:00.825 [main            ] INFO  RepositoryConfigurationDelegate - Finished Spring Data repository scanning in 9 ms. Found 0 Redis repository interfaces.
24-08-03.16:11:01.719 [main            ] INFO  Version                - Redisson 3.23.4
24-08-03.16:11:02.209 [redisson-netty-2-5] INFO  MasterPubSubConnectionPool - 1 connections initialized for localhost/127.0.0.1:6379
24-08-03.16:11:02.257 [redisson-netty-2-20] INFO  MasterConnectionPool   - 24 connections initialized for localhost/127.0.0.1:6379
24-08-03.16:11:03.768 [main            ] INFO  EndpointLinksResolver  - Exposing 1 endpoint(s) beneath base path '/actuator'
24-08-03.16:11:03.838 [main            ] INFO  DAOTest                - Started DAOTest in 3.954 seconds (JVM running for 4.671)
24-08-03.16:11:04.187 [main            ] INFO  HikariDataSource       - HikariPool-1 - Starting...
24-08-03.16:11:04.516 [main            ] INFO  HikariDataSource       - HikariPool-1 - Start completed.
24-08-03.16:11:04.570 [SpringApplicationShutdownHook] INFO  HikariDataSource       - HikariPool-1 - Shutdown initiated...
24-08-03.16:11:04.574 [SpringApplicationShutdownHook] INFO  HikariDataSource       - HikariPool-1 - Shutdown completed.
24-08-03.19:24:48.190 [main            ] INFO  DAOTest                - Starting DAOTest using Java 1.8.0_402 on MECHREVO with PID 280452 (started by wucha in E:\projects\big_market\marketing\ddd-main-app)
24-08-03.19:24:48.191 [main            ] INFO  DAOTest                - The following 1 profile is active: "dev"
24-08-03.19:24:48.926 [main            ] INFO  RepositoryConfigurationDelegate - Multiple Spring Data modules found, entering strict repository configuration mode
24-08-03.19:24:48.929 [main            ] INFO  RepositoryConfigurationDelegate - Bootstrapping Spring Data Redis repositories in DEFAULT mode.
24-08-03.19:24:48.956 [main            ] INFO  RepositoryConfigurationDelegate - Finished Spring Data repository scanning in 9 ms. Found 0 Redis repository interfaces.
24-08-03.19:24:50.052 [main            ] INFO  Version                - Redisson 3.23.4
24-08-03.19:24:50.577 [redisson-netty-2-5] INFO  MasterPubSubConnectionPool - 1 connections initialized for localhost/127.0.0.1:6379
24-08-03.19:24:50.638 [redisson-netty-2-20] INFO  MasterConnectionPool   - 24 connections initialized for localhost/127.0.0.1:6379
24-08-03.19:24:52.362 [main            ] INFO  EndpointLinksResolver  - Exposing 1 endpoint(s) beneath base path '/actuator'
24-08-03.19:24:52.416 [main            ] INFO  DAOTest                - Started DAOTest in 4.579 seconds (JVM running for 5.322)
24-08-03.19:24:52.781 [main            ] INFO  HikariDataSource       - HikariPool-1 - Starting...
24-08-03.19:24:53.111 [main            ] INFO  HikariDataSource       - HikariPool-1 - Start completed.
24-08-03.19:24:53.175 [SpringApplicationShutdownHook] INFO  HikariDataSource       - HikariPool-1 - Shutdown initiated...
24-08-03.19:24:53.180 [SpringApplicationShutdownHook] INFO  HikariDataSource       - HikariPool-1 - Shutdown completed.
24-08-03.21:06:47.901 [main            ] INFO  FilterTest             - Starting FilterTest using Java 1.8.0_402 on MECHREVO with PID 322964 (started by wucha in E:\projects\big_market\marketing\ddd-main-app)
24-08-03.21:06:47.902 [main            ] INFO  FilterTest             - The following 1 profile is active: "dev"
24-08-03.21:06:48.680 [main            ] INFO  RepositoryConfigurationDelegate - Multiple Spring Data modules found, entering strict repository configuration mode
24-08-03.21:06:48.683 [main            ] INFO  RepositoryConfigurationDelegate - Bootstrapping Spring Data Redis repositories in DEFAULT mode.
24-08-03.21:06:48.710 [main            ] INFO  RepositoryConfigurationDelegate - Finished Spring Data repository scanning in 9 ms. Found 0 Redis repository interfaces.
24-08-03.21:06:49.840 [main            ] INFO  Version                - Redisson 3.23.4
24-08-03.21:06:50.354 [redisson-netty-2-5] INFO  MasterPubSubConnectionPool - 1 connections initialized for localhost/127.0.0.1:6379
24-08-03.21:06:50.410 [redisson-netty-2-20] INFO  MasterConnectionPool   - 24 connections initialized for localhost/127.0.0.1:6379
24-08-03.21:06:52.004 [main            ] INFO  EndpointLinksResolver  - Exposing 1 endpoint(s) beneath base path '/actuator'
24-08-03.21:06:52.058 [main            ] INFO  FilterTest             - Started FilterTest in 4.523 seconds (JVM running for 5.298)
24-08-03.21:06:52.513 [main            ] INFO  HikariDataSource       - HikariPool-1 - Starting...
24-08-03.21:06:52.873 [main            ] INFO  HikariDataSource       - HikariPool-1 - Start completed.
24-08-03.21:06:52.942 [main            ] INFO  DefaultLotteryService  - 抽奖前规则过滤 userId: xiaofuge ruleModel: rule_weight code: 0001 info: 接管；后续的流程，受规则引擎执行结果影响
24-08-03.21:06:53.114 [main            ] INFO  FilterTest             - 请求参数：{"strategyId":100001,"userId":"xiaofuge"}
24-08-03.21:06:53.118 [main            ] INFO  FilterTest             - 测试结果：{"awardId":102,"strategyId":100001,"userId":"xiaofuge"}
24-08-03.21:06:53.131 [SpringApplicationShutdownHook] INFO  HikariDataSource       - HikariPool-1 - Shutdown initiated...
24-08-03.21:06:53.146 [SpringApplicationShutdownHook] INFO  HikariDataSource       - HikariPool-1 - Shutdown completed.
24-08-03.21:07:11.347 [main            ] INFO  FilterTest             - Starting FilterTest using Java 1.8.0_402 on MECHREVO with PID 320700 (started by wucha in E:\projects\big_market\marketing\ddd-main-app)
24-08-03.21:07:11.348 [main            ] INFO  FilterTest             - The following 1 profile is active: "dev"
24-08-03.21:07:12.026 [main            ] INFO  RepositoryConfigurationDelegate - Multiple Spring Data modules found, entering strict repository configuration mode
24-08-03.21:07:12.029 [main            ] INFO  RepositoryConfigurationDelegate - Bootstrapping Spring Data Redis repositories in DEFAULT mode.
24-08-03.21:07:12.049 [main            ] INFO  RepositoryConfigurationDelegate - Finished Spring Data repository scanning in 8 ms. Found 0 Redis repository interfaces.
24-08-03.21:07:13.027 [main            ] INFO  Version                - Redisson 3.23.4
24-08-03.21:07:13.530 [redisson-netty-2-6] INFO  MasterPubSubConnectionPool - 1 connections initialized for localhost/127.0.0.1:6379
24-08-03.21:07:13.589 [redisson-netty-2-20] INFO  MasterConnectionPool   - 24 connections initialized for localhost/127.0.0.1:6379
24-08-03.21:07:15.565 [main            ] INFO  EndpointLinksResolver  - Exposing 1 endpoint(s) beneath base path '/actuator'
24-08-03.21:07:15.636 [main            ] INFO  FilterTest             - Started FilterTest in 4.668 seconds (JVM running for 6.176)
24-08-03.21:07:40.641 [main            ] INFO  HikariDataSource       - HikariPool-1 - Starting...
24-08-03.21:07:41.614 [main            ] INFO  HikariDataSource       - HikariPool-1 - Start completed.
24-08-03.21:07:41.734 [main            ] INFO  DefaultLotteryService  - 抽奖前规则过滤 userId: xiaofuge ruleModel: rule_weight code: 0001 info: 接管；后续的流程，受规则引擎执行结果影响
24-08-03.22:04:03.622 [HikariPool-1 housekeeper] WARN  HikariPool             - HikariPool-1 - Thread starvation or clock leap detected (housekeeper delta=56m21s798ms426µs900ns).
24-08-03.22:04:04.040 [SpringApplicationShutdownHook] INFO  HikariDataSource       - HikariPool-1 - Shutdown initiated...
24-08-03.22:04:04.069 [SpringApplicationShutdownHook] INFO  HikariDataSource       - HikariPool-1 - Shutdown completed.
24-08-03.22:04:19.257 [main            ] INFO  FilterTest             - Starting FilterTest using Java 1.8.0_402 on MECHREVO with PID 348440 (started by wucha in E:\projects\big_market\marketing\ddd-main-app)
24-08-03.22:04:19.259 [main            ] INFO  FilterTest             - The following 1 profile is active: "dev"
24-08-03.22:04:20.659 [main            ] INFO  RepositoryConfigurationDelegate - Multiple Spring Data modules found, entering strict repository configuration mode
24-08-03.22:04:20.664 [main            ] INFO  RepositoryConfigurationDelegate - Bootstrapping Spring Data Redis repositories in DEFAULT mode.
24-08-03.22:04:20.711 [main            ] INFO  RepositoryConfigurationDelegate - Finished Spring Data repository scanning in 19 ms. Found 0 Redis repository interfaces.
24-08-03.22:04:22.683 [main            ] INFO  Version                - Redisson 3.23.4
24-08-03.22:04:23.633 [redisson-netty-2-6] INFO  MasterPubSubConnectionPool - 1 connections initialized for localhost/127.0.0.1:6379
24-08-03.22:04:23.758 [redisson-netty-2-20] INFO  MasterConnectionPool   - 24 connections initialized for localhost/127.0.0.1:6379
24-08-03.22:04:26.363 [main            ] INFO  EndpointLinksResolver  - Exposing 1 endpoint(s) beneath base path '/actuator'
24-08-03.22:04:26.443 [main            ] INFO  FilterTest             - Started FilterTest in 7.961 seconds (JVM running for 9.332)
24-08-03.22:04:27.051 [main            ] INFO  HikariDataSource       - HikariPool-1 - Starting...
24-08-03.22:04:27.586 [main            ] INFO  HikariDataSource       - HikariPool-1 - Start completed.
24-08-03.22:04:27.696 [SpringApplicationShutdownHook] INFO  HikariDataSource       - HikariPool-1 - Shutdown initiated...
24-08-03.22:04:27.702 [SpringApplicationShutdownHook] INFO  HikariDataSource       - HikariPool-1 - Shutdown completed.
24-08-03.22:04:48.106 [main            ] INFO  FilterTest             - Starting FilterTest using Java 1.8.0_402 on MECHREVO with PID 347152 (started by wucha in E:\projects\big_market\marketing\ddd-main-app)
24-08-03.22:04:48.108 [main            ] INFO  FilterTest             - The following 1 profile is active: "dev"
24-08-03.22:04:49.484 [main            ] INFO  RepositoryConfigurationDelegate - Multiple Spring Data modules found, entering strict repository configuration mode
24-08-03.22:04:49.489 [main            ] INFO  RepositoryConfigurationDelegate - Bootstrapping Spring Data Redis repositories in DEFAULT mode.
24-08-03.22:04:49.537 [main            ] INFO  RepositoryConfigurationDelegate - Finished Spring Data repository scanning in 20 ms. Found 0 Redis repository interfaces.
24-08-03.22:04:52.145 [main            ] INFO  Version                - Redisson 3.23.4
24-08-03.22:04:53.268 [redisson-netty-2-6] INFO  MasterPubSubConnectionPool - 1 connections initialized for localhost/127.0.0.1:6379
24-08-03.22:04:53.422 [redisson-netty-2-20] INFO  MasterConnectionPool   - 24 connections initialized for localhost/127.0.0.1:6379
24-08-03.22:04:57.408 [main            ] INFO  EndpointLinksResolver  - Exposing 1 endpoint(s) beneath base path '/actuator'
24-08-03.22:04:57.521 [main            ] INFO  FilterTest             - Started FilterTest in 10.085 seconds (JVM running for 11.469)
24-08-03.22:05:15.486 [main            ] INFO  HikariDataSource       - HikariPool-1 - Starting...
24-08-03.22:05:16.124 [main            ] INFO  HikariDataSource       - HikariPool-1 - Start completed.
24-08-03.22:05:16.233 [SpringApplicationShutdownHook] INFO  HikariDataSource       - HikariPool-1 - Shutdown initiated...
24-08-03.22:05:16.248 [SpringApplicationShutdownHook] INFO  HikariDataSource       - HikariPool-1 - Shutdown completed.
24-08-03.22:05:33.871 [main            ] INFO  FilterTest             - Starting FilterTest using Java 1.8.0_402 on MECHREVO with PID 349064 (started by wucha in E:\projects\big_market\marketing\ddd-main-app)
24-08-03.22:05:33.873 [main            ] INFO  FilterTest             - The following 1 profile is active: "dev"
24-08-03.22:05:35.057 [main            ] INFO  RepositoryConfigurationDelegate - Multiple Spring Data modules found, entering strict repository configuration mode
24-08-03.22:05:35.061 [main            ] INFO  RepositoryConfigurationDelegate - Bootstrapping Spring Data Redis repositories in DEFAULT mode.
24-08-03.22:05:35.102 [main            ] INFO  RepositoryConfigurationDelegate - Finished Spring Data repository scanning in 18 ms. Found 0 Redis repository interfaces.
24-08-03.22:05:37.026 [main            ] INFO  Version                - Redisson 3.23.4
24-08-03.22:05:38.057 [redisson-netty-2-6] INFO  MasterPubSubConnectionPool - 1 connections initialized for localhost/127.0.0.1:6379
24-08-03.22:05:38.168 [redisson-netty-2-20] INFO  MasterConnectionPool   - 24 connections initialized for localhost/127.0.0.1:6379
24-08-03.22:05:41.525 [main            ] INFO  EndpointLinksResolver  - Exposing 1 endpoint(s) beneath base path '/actuator'
24-08-03.22:05:41.673 [main            ] INFO  FilterTest             - Started FilterTest in 8.453 seconds (JVM running for 9.825)
24-08-03.22:05:56.971 [main            ] INFO  HikariDataSource       - HikariPool-1 - Starting...
24-08-03.22:05:58.922 [main            ] INFO  HikariDataSource       - HikariPool-1 - Start completed.
24-08-03.22:12:37.138 [HikariPool-1 housekeeper] WARN  HikariPool             - HikariPool-1 - Thread starvation or clock leap detected (housekeeper delta=6m38s105ms572µs400ns).
24-08-03.22:12:37.232 [SpringApplicationShutdownHook] INFO  HikariDataSource       - HikariPool-1 - Shutdown initiated...
24-08-03.22:12:37.268 [SpringApplicationShutdownHook] INFO  HikariDataSource       - HikariPool-1 - Shutdown completed.
24-08-03.22:12:47.106 [main            ] INFO  FilterTest             - Starting FilterTest using Java 1.8.0_402 on MECHREVO with PID 348928 (started by wucha in E:\projects\big_market\marketing\ddd-main-app)
24-08-03.22:12:47.107 [main            ] INFO  FilterTest             - The following 1 profile is active: "dev"
24-08-03.22:12:48.278 [main            ] INFO  RepositoryConfigurationDelegate - Multiple Spring Data modules found, entering strict repository configuration mode
24-08-03.22:12:48.284 [main            ] INFO  RepositoryConfigurationDelegate - Bootstrapping Spring Data Redis repositories in DEFAULT mode.
24-08-03.22:12:48.326 [main            ] INFO  RepositoryConfigurationDelegate - Finished Spring Data repository scanning in 16 ms. Found 0 Redis repository interfaces.
24-08-03.22:12:50.351 [main            ] INFO  Version                - Redisson 3.23.4
24-08-03.22:12:51.450 [redisson-netty-2-5] INFO  MasterPubSubConnectionPool - 1 connections initialized for localhost/127.0.0.1:6379
24-08-03.22:12:51.585 [redisson-netty-2-20] INFO  MasterConnectionPool   - 24 connections initialized for localhost/127.0.0.1:6379
24-08-03.22:12:54.516 [main            ] INFO  EndpointLinksResolver  - Exposing 1 endpoint(s) beneath base path '/actuator'
24-08-03.22:12:54.595 [main            ] INFO  FilterTest             - Started FilterTest in 8.169 seconds (JVM running for 9.545)
24-08-03.22:13:26.668 [main            ] INFO  HikariDataSource       - HikariPool-1 - Starting...
24-08-03.22:13:28.523 [main            ] INFO  HikariDataSource       - HikariPool-1 - Start completed.
24-08-03.22:13:39.213 [SpringApplicationShutdownHook] INFO  HikariDataSource       - HikariPool-1 - Shutdown initiated...
24-08-03.22:13:39.246 [SpringApplicationShutdownHook] INFO  HikariDataSource       - HikariPool-1 - Shutdown completed.
24-08-03.22:21:43.811 [main            ] INFO  FilterTest             - Starting FilterTest using Java 1.8.0_402 on MECHREVO with PID 355840 (started by wucha in E:\projects\big_market\marketing\ddd-main-app)
24-08-03.22:21:43.813 [main            ] INFO  FilterTest             - The following 1 profile is active: "dev"
24-08-03.22:21:45.147 [main            ] INFO  RepositoryConfigurationDelegate - Multiple Spring Data modules found, entering strict repository configuration mode
24-08-03.22:21:45.152 [main            ] INFO  RepositoryConfigurationDelegate - Bootstrapping Spring Data Redis repositories in DEFAULT mode.
24-08-03.22:21:45.199 [main            ] INFO  RepositoryConfigurationDelegate - Finished Spring Data repository scanning in 17 ms. Found 0 Redis repository interfaces.
24-08-03.22:21:47.221 [main            ] INFO  Version                - Redisson 3.23.4
24-08-03.22:21:48.237 [redisson-netty-2-5] INFO  MasterPubSubConnectionPool - 1 connections initialized for localhost/127.0.0.1:6379
24-08-03.22:21:48.358 [redisson-netty-2-20] INFO  MasterConnectionPool   - 24 connections initialized for localhost/127.0.0.1:6379
24-08-03.22:21:51.662 [main            ] INFO  EndpointLinksResolver  - Exposing 1 endpoint(s) beneath base path '/actuator'
24-08-03.22:21:51.808 [main            ] INFO  FilterTest             - Started FilterTest in 8.799 seconds (JVM running for 10.443)
24-08-03.22:22:40.516 [main            ] INFO  FilterTest             - Starting FilterTest using Java 1.8.0_402 on MECHREVO with PID 355096 (started by wucha in E:\projects\big_market\marketing\ddd-main-app)
24-08-03.22:22:40.518 [main            ] INFO  FilterTest             - The following 1 profile is active: "dev"
24-08-03.22:22:41.879 [main            ] INFO  RepositoryConfigurationDelegate - Multiple Spring Data modules found, entering strict repository configuration mode
24-08-03.22:22:41.884 [main            ] INFO  RepositoryConfigurationDelegate - Bootstrapping Spring Data Redis repositories in DEFAULT mode.
24-08-03.22:22:41.922 [main            ] INFO  RepositoryConfigurationDelegate - Finished Spring Data repository scanning in 16 ms. Found 0 Redis repository interfaces.
24-08-03.22:22:44.018 [main            ] INFO  Version                - Redisson 3.23.4
24-08-03.22:22:44.977 [redisson-netty-2-6] INFO  MasterPubSubConnectionPool - 1 connections initialized for localhost/127.0.0.1:6379
24-08-03.22:22:45.101 [redisson-netty-2-20] INFO  MasterConnectionPool   - 24 connections initialized for localhost/127.0.0.1:6379
24-08-03.22:22:48.059 [main            ] INFO  EndpointLinksResolver  - Exposing 1 endpoint(s) beneath base path '/actuator'
24-08-03.22:22:48.151 [main            ] INFO  FilterTest             - Started FilterTest in 8.27 seconds (JVM running for 9.691)
24-08-03.22:24:56.784 [main            ] INFO  FilterTest             - Starting FilterTest using Java 1.8.0_402 on MECHREVO with PID 356944 (started by wucha in E:\projects\big_market\marketing\ddd-main-app)
24-08-03.22:24:56.786 [main            ] INFO  FilterTest             - The following 1 profile is active: "dev"
24-08-03.22:24:57.884 [main            ] INFO  RepositoryConfigurationDelegate - Multiple Spring Data modules found, entering strict repository configuration mode
24-08-03.22:24:57.888 [main            ] INFO  RepositoryConfigurationDelegate - Bootstrapping Spring Data Redis repositories in DEFAULT mode.
24-08-03.22:24:57.927 [main            ] INFO  RepositoryConfigurationDelegate - Finished Spring Data repository scanning in 15 ms. Found 0 Redis repository interfaces.
24-08-03.22:24:59.755 [main            ] INFO  Version                - Redisson 3.23.4
24-08-03.22:25:00.705 [redisson-netty-2-5] INFO  MasterPubSubConnectionPool - 1 connections initialized for localhost/127.0.0.1:6379
24-08-03.22:25:00.822 [redisson-netty-2-20] INFO  MasterConnectionPool   - 24 connections initialized for localhost/127.0.0.1:6379
24-08-03.22:25:03.422 [main            ] INFO  EndpointLinksResolver  - Exposing 1 endpoint(s) beneath base path '/actuator'
24-08-03.22:25:03.517 [main            ] INFO  FilterTest             - Started FilterTest in 7.286 seconds (JVM running for 8.483)
24-08-03.22:25:21.627 [main            ] INFO  FilterTest             - Starting FilterTest using Java 1.8.0_402 on MECHREVO with PID 358320 (started by wucha in E:\projects\big_market\marketing\ddd-main-app)
24-08-03.22:25:21.629 [main            ] INFO  FilterTest             - The following 1 profile is active: "dev"
24-08-03.22:25:22.805 [main            ] INFO  RepositoryConfigurationDelegate - Multiple Spring Data modules found, entering strict repository configuration mode
24-08-03.22:25:22.809 [main            ] INFO  RepositoryConfigurationDelegate - Bootstrapping Spring Data Redis repositories in DEFAULT mode.
24-08-03.22:25:22.844 [main            ] INFO  RepositoryConfigurationDelegate - Finished Spring Data repository scanning in 15 ms. Found 0 Redis repository interfaces.
24-08-03.22:25:24.568 [main            ] INFO  Version                - Redisson 3.23.4
24-08-03.22:25:25.596 [redisson-netty-2-6] INFO  MasterPubSubConnectionPool - 1 connections initialized for localhost/127.0.0.1:6379
24-08-03.22:25:25.745 [redisson-netty-2-20] INFO  MasterConnectionPool   - 24 connections initialized for localhost/127.0.0.1:6379
24-08-03.22:25:29.424 [main            ] INFO  EndpointLinksResolver  - Exposing 1 endpoint(s) beneath base path '/actuator'
24-08-03.22:25:29.646 [main            ] INFO  FilterTest             - Started FilterTest in 8.64 seconds (JVM running for 9.948)
24-08-03.22:26:50.910 [main            ] INFO  StrategyTest           - Starting StrategyTest using Java 1.8.0_402 on MECHREVO with PID 358176 (started by wucha in E:\projects\big_market\marketing\ddd-main-app)
24-08-03.22:26:50.912 [main            ] INFO  StrategyTest           - The following 1 profile is active: "dev"
24-08-03.22:26:52.009 [main            ] INFO  RepositoryConfigurationDelegate - Multiple Spring Data modules found, entering strict repository configuration mode
24-08-03.22:26:52.013 [main            ] INFO  RepositoryConfigurationDelegate - Bootstrapping Spring Data Redis repositories in DEFAULT mode.
24-08-03.22:26:52.046 [main            ] INFO  RepositoryConfigurationDelegate - Finished Spring Data repository scanning in 13 ms. Found 0 Redis repository interfaces.
24-08-03.22:26:53.828 [main            ] INFO  Version                - Redisson 3.23.4
24-08-03.22:26:54.735 [redisson-netty-2-5] INFO  MasterPubSubConnectionPool - 1 connections initialized for localhost/127.0.0.1:6379
24-08-03.22:26:54.849 [redisson-netty-2-20] INFO  MasterConnectionPool   - 24 connections initialized for localhost/127.0.0.1:6379
24-08-03.22:26:57.349 [main            ] INFO  EndpointLinksResolver  - Exposing 1 endpoint(s) beneath base path '/actuator'
24-08-03.22:26:57.431 [main            ] INFO  StrategyTest           - Started StrategyTest in 7.103 seconds (JVM running for 8.279)
24-08-03.22:26:57.985 [main            ] INFO  HikariDataSource       - HikariPool-1 - Starting...
24-08-03.22:26:58.592 [main            ] INFO  HikariDataSource       - HikariPool-1 - Start completed.
24-08-03.22:26:58.818 [SpringApplicationShutdownHook] INFO  HikariDataSource       - HikariPool-1 - Shutdown initiated...
24-08-03.22:26:58.832 [SpringApplicationShutdownHook] INFO  HikariDataSource       - HikariPool-1 - Shutdown completed.
24-08-03.22:27:19.530 [main            ] INFO  FilterTest             - Starting FilterTest using Java 1.8.0_402 on MECHREVO with PID 354880 (started by wucha in E:\projects\big_market\marketing\ddd-main-app)
24-08-03.22:27:19.532 [main            ] INFO  FilterTest             - The following 1 profile is active: "dev"
24-08-03.22:27:20.716 [main            ] INFO  RepositoryConfigurationDelegate - Multiple Spring Data modules found, entering strict repository configuration mode
24-08-03.22:27:20.721 [main            ] INFO  RepositoryConfigurationDelegate - Bootstrapping Spring Data Redis repositories in DEFAULT mode.
24-08-03.22:27:20.763 [main            ] INFO  RepositoryConfigurationDelegate - Finished Spring Data repository scanning in 18 ms. Found 0 Redis repository interfaces.
24-08-03.22:27:22.465 [main            ] INFO  Version                - Redisson 3.23.4
24-08-03.22:27:23.418 [redisson-netty-2-5] INFO  MasterPubSubConnectionPool - 1 connections initialized for localhost/127.0.0.1:6379
24-08-03.22:27:23.575 [redisson-netty-2-20] INFO  MasterConnectionPool   - 24 connections initialized for localhost/127.0.0.1:6379
24-08-03.22:27:26.382 [main            ] INFO  EndpointLinksResolver  - Exposing 1 endpoint(s) beneath base path '/actuator'
24-08-03.22:27:26.472 [main            ] INFO  FilterTest             - Started FilterTest in 7.616 seconds (JVM running for 8.911)
24-08-03.22:27:55.241 [main            ] INFO  HikariDataSource       - HikariPool-1 - Starting...
24-08-03.22:27:59.495 [main            ] INFO  FilterTest             - Starting FilterTest using Java 1.8.0_402 on MECHREVO with PID 351776 (started by wucha in E:\projects\big_market\marketing\ddd-main-app)
24-08-03.22:27:59.497 [main            ] INFO  FilterTest             - The following 1 profile is active: "dev"
24-08-03.22:28:00.750 [main            ] INFO  RepositoryConfigurationDelegate - Multiple Spring Data modules found, entering strict repository configuration mode
24-08-03.22:28:00.754 [main            ] INFO  RepositoryConfigurationDelegate - Bootstrapping Spring Data Redis repositories in DEFAULT mode.
24-08-03.22:28:00.785 [main            ] INFO  RepositoryConfigurationDelegate - Finished Spring Data repository scanning in 13 ms. Found 0 Redis repository interfaces.
24-08-03.22:28:02.445 [main            ] INFO  Version                - Redisson 3.23.4
24-08-03.22:28:03.420 [redisson-netty-2-5] INFO  MasterPubSubConnectionPool - 1 connections initialized for localhost/127.0.0.1:6379
24-08-03.22:28:03.556 [redisson-netty-2-20] INFO  MasterConnectionPool   - 24 connections initialized for localhost/127.0.0.1:6379
24-08-03.22:28:06.095 [main            ] INFO  EndpointLinksResolver  - Exposing 1 endpoint(s) beneath base path '/actuator'
24-08-03.22:28:06.183 [main            ] INFO  FilterTest             - Started FilterTest in 7.35 seconds (JVM running for 8.648)
24-08-03.22:29:21.138 [main            ] INFO  HikariDataSource       - HikariPool-1 - Starting...
24-08-03.22:29:23.112 [main            ] INFO  HikariDataSource       - HikariPool-1 - Start completed.
24-08-03.22:29:25.803 [SpringApplicationShutdownHook] INFO  HikariDataSource       - HikariPool-1 - Shutdown initiated...
24-08-03.22:29:25.830 [SpringApplicationShutdownHook] INFO  HikariDataSource       - HikariPool-1 - Shutdown completed.
