24-08-04.11:43:39.839 [main            ] INFO  FilterTest             - Starting FilterTest using Java 1.8.0_402 on MECHREVO with PID 6740 (started by wucha in E:\projects\big_market\marketing\ddd-main-app)
24-08-04.11:43:39.841 [main            ] INFO  FilterTest             - The following 1 profile is active: "dev"
24-08-04.11:43:41.304 [main            ] INFO  RepositoryConfigurationDelegate - Multiple Spring Data modules found, entering strict repository configuration mode
24-08-04.11:43:41.309 [main            ] INFO  RepositoryConfigurationDelegate - Bootstrapping Spring Data Redis repositories in DEFAULT mode.
24-08-04.11:43:41.355 [main            ] INFO  RepositoryConfigurationDelegate - Finished Spring Data repository scanning in 16 ms. Found 0 Redis repository interfaces.
24-08-04.11:43:43.457 [main            ] INFO  Version                - Redisson 3.23.4
24-08-04.11:43:44.881 [redisson-netty-2-6] INFO  MasterPubSubConnectionPool - 1 connections initialized for localhost/127.0.0.1:6379
24-08-04.11:43:44.991 [redisson-netty-2-20] INFO  MasterConnectionPool   - 24 connections initialized for localhost/127.0.0.1:6379
24-08-04.11:43:47.815 [main            ] INFO  EndpointLinksResolver  - Exposing 1 endpoint(s) beneath base path '/actuator'
24-08-04.11:43:47.894 [main            ] INFO  FilterTest             - Started FilterTest in 8.743 seconds (JVM running for 17.451)
24-08-04.11:43:48.720 [main            ] INFO  HikariDataSource       - HikariPool-1 - Starting...
24-08-04.11:43:49.919 [main            ] INFO  HikariDataSource       - HikariPool-1 - Start completed.
24-08-04.11:43:50.111 [SpringApplicationShutdownHook] INFO  HikariDataSource       - HikariPool-1 - Shutdown initiated...
24-08-04.11:43:50.123 [SpringApplicationShutdownHook] INFO  HikariDataSource       - HikariPool-1 - Shutdown completed.
24-08-04.11:44:25.056 [main            ] INFO  FilterTest             - Starting FilterTest using Java 1.8.0_402 on MECHREVO with PID 11708 (started by wucha in E:\projects\big_market\marketing\ddd-main-app)
24-08-04.11:44:25.058 [main            ] INFO  FilterTest             - The following 1 profile is active: "dev"
24-08-04.11:44:26.235 [main            ] INFO  RepositoryConfigurationDelegate - Multiple Spring Data modules found, entering strict repository configuration mode
24-08-04.11:44:26.238 [main            ] INFO  RepositoryConfigurationDelegate - Bootstrapping Spring Data Redis repositories in DEFAULT mode.
24-08-04.11:44:26.271 [main            ] INFO  RepositoryConfigurationDelegate - Finished Spring Data repository scanning in 14 ms. Found 0 Redis repository interfaces.
24-08-04.11:44:27.947 [main            ] INFO  Version                - Redisson 3.23.4
24-08-04.11:44:28.913 [redisson-netty-2-5] INFO  MasterPubSubConnectionPool - 1 connections initialized for localhost/127.0.0.1:6379
24-08-04.11:44:29.054 [redisson-netty-2-20] INFO  MasterConnectionPool   - 24 connections initialized for localhost/127.0.0.1:6379
24-08-04.11:44:31.378 [main            ] INFO  EndpointLinksResolver  - Exposing 1 endpoint(s) beneath base path '/actuator'
24-08-04.11:44:31.462 [main            ] INFO  FilterTest             - Started FilterTest in 6.964 seconds (JVM running for 8.21)
24-08-04.11:44:32.026 [main            ] INFO  HikariDataSource       - HikariPool-1 - Starting...
24-08-04.11:44:32.453 [main            ] INFO  HikariDataSource       - HikariPool-1 - Start completed.
24-08-04.11:44:32.538 [SpringApplicationShutdownHook] INFO  HikariDataSource       - HikariPool-1 - Shutdown initiated...
24-08-04.11:44:32.543 [SpringApplicationShutdownHook] INFO  HikariDataSource       - HikariPool-1 - Shutdown completed.
24-08-04.11:44:51.907 [main            ] INFO  FilterTest             - Starting FilterTest using Java 1.8.0_402 on MECHREVO with PID 12716 (started by wucha in E:\projects\big_market\marketing\ddd-main-app)
24-08-04.11:44:51.908 [main            ] INFO  FilterTest             - The following 1 profile is active: "dev"
24-08-04.11:44:53.071 [main            ] INFO  RepositoryConfigurationDelegate - Multiple Spring Data modules found, entering strict repository configuration mode
24-08-04.11:44:53.076 [main            ] INFO  RepositoryConfigurationDelegate - Bootstrapping Spring Data Redis repositories in DEFAULT mode.
24-08-04.11:44:53.112 [main            ] INFO  RepositoryConfigurationDelegate - Finished Spring Data repository scanning in 14 ms. Found 0 Redis repository interfaces.
24-08-04.11:44:54.908 [main            ] INFO  Version                - Redisson 3.23.4
24-08-04.11:44:55.859 [redisson-netty-2-5] INFO  MasterPubSubConnectionPool - 1 connections initialized for localhost/127.0.0.1:6379
24-08-04.11:44:55.997 [redisson-netty-2-20] INFO  MasterConnectionPool   - 24 connections initialized for localhost/127.0.0.1:6379
24-08-04.11:44:58.577 [main            ] INFO  EndpointLinksResolver  - Exposing 1 endpoint(s) beneath base path '/actuator'
24-08-04.11:44:58.683 [main            ] INFO  FilterTest             - Started FilterTest in 7.419 seconds (JVM running for 9.236)
24-08-04.11:45:01.211 [main            ] INFO  HikariDataSource       - HikariPool-1 - Starting...
24-08-04.11:45:01.660 [main            ] INFO  HikariDataSource       - HikariPool-1 - Start completed.
24-08-04.11:46:02.816 [SpringApplicationShutdownHook] INFO  HikariDataSource       - HikariPool-1 - Shutdown initiated...
24-08-04.11:46:02.827 [SpringApplicationShutdownHook] INFO  HikariDataSource       - HikariPool-1 - Shutdown completed.
24-08-04.11:46:10.530 [main            ] INFO  FilterTest             - Starting FilterTest using Java 1.8.0_402 on MECHREVO with PID 12544 (started by wucha in E:\projects\big_market\marketing\ddd-main-app)
24-08-04.11:46:10.533 [main            ] INFO  FilterTest             - The following 1 profile is active: "dev"
24-08-04.11:46:11.600 [main            ] INFO  RepositoryConfigurationDelegate - Multiple Spring Data modules found, entering strict repository configuration mode
24-08-04.11:46:11.605 [main            ] INFO  RepositoryConfigurationDelegate - Bootstrapping Spring Data Redis repositories in DEFAULT mode.
24-08-04.11:46:11.640 [main            ] INFO  RepositoryConfigurationDelegate - Finished Spring Data repository scanning in 13 ms. Found 0 Redis repository interfaces.
24-08-04.11:46:13.274 [main            ] INFO  Version                - Redisson 3.23.4
24-08-04.11:46:14.127 [redisson-netty-2-6] INFO  MasterPubSubConnectionPool - 1 connections initialized for localhost/127.0.0.1:6379
24-08-04.11:46:14.242 [redisson-netty-2-20] INFO  MasterConnectionPool   - 24 connections initialized for localhost/127.0.0.1:6379
24-08-04.11:46:16.628 [main            ] INFO  EndpointLinksResolver  - Exposing 1 endpoint(s) beneath base path '/actuator'
24-08-04.11:46:16.739 [main            ] INFO  FilterTest             - Started FilterTest in 6.721 seconds (JVM running for 7.801)
24-08-04.11:46:17.335 [main            ] INFO  HikariDataSource       - HikariPool-1 - Starting...
24-08-04.11:46:17.758 [main            ] INFO  HikariDataSource       - HikariPool-1 - Start completed.
24-08-04.11:46:18.095 [main            ] INFO  FilterTest             - 请求参数：{"strategyId":100003,"userId":"xiaofuge"}
24-08-04.11:46:18.099 [main            ] INFO  FilterTest             - 测试结果：{"strategyId":100003,"userId":"xiaofuge"}
24-08-04.11:46:18.119 [SpringApplicationShutdownHook] INFO  HikariDataSource       - HikariPool-1 - Shutdown initiated...
24-08-04.11:46:18.140 [SpringApplicationShutdownHook] INFO  HikariDataSource       - HikariPool-1 - Shutdown completed.
24-08-04.11:46:44.652 [main            ] INFO  FilterTest             - Starting FilterTest using Java 1.8.0_402 on MECHREVO with PID 6060 (started by wucha in E:\projects\big_market\marketing\ddd-main-app)
24-08-04.11:46:44.653 [main            ] INFO  FilterTest             - The following 1 profile is active: "dev"
24-08-04.11:46:45.814 [main            ] INFO  RepositoryConfigurationDelegate - Multiple Spring Data modules found, entering strict repository configuration mode
24-08-04.11:46:45.818 [main            ] INFO  RepositoryConfigurationDelegate - Bootstrapping Spring Data Redis repositories in DEFAULT mode.
24-08-04.11:46:45.854 [main            ] INFO  RepositoryConfigurationDelegate - Finished Spring Data repository scanning in 14 ms. Found 0 Redis repository interfaces.
24-08-04.11:46:47.615 [main            ] INFO  Version                - Redisson 3.23.4
24-08-04.11:46:48.623 [redisson-netty-2-5] INFO  MasterPubSubConnectionPool - 1 connections initialized for localhost/127.0.0.1:6379
24-08-04.11:46:48.750 [redisson-netty-2-20] INFO  MasterConnectionPool   - 24 connections initialized for localhost/127.0.0.1:6379
24-08-04.11:46:51.442 [main            ] INFO  EndpointLinksResolver  - Exposing 1 endpoint(s) beneath base path '/actuator'
24-08-04.11:46:51.542 [main            ] INFO  FilterTest             - Started FilterTest in 7.504 seconds (JVM running for 8.856)
24-08-04.11:47:36.357 [main            ] INFO  HikariDataSource       - HikariPool-1 - Starting...
24-08-04.11:47:38.235 [main            ] INFO  HikariDataSource       - HikariPool-1 - Start completed.
24-08-04.11:48:19.126 [SpringApplicationShutdownHook] INFO  HikariDataSource       - HikariPool-1 - Shutdown initiated...
24-08-04.11:48:19.170 [SpringApplicationShutdownHook] INFO  HikariDataSource       - HikariPool-1 - Shutdown completed.
24-08-04.11:48:23.033 [main            ] INFO  FilterTest             - Starting FilterTest using Java 1.8.0_402 on MECHREVO with PID 28620 (started by wucha in E:\projects\big_market\marketing\ddd-main-app)
24-08-04.11:48:23.035 [main            ] INFO  FilterTest             - The following 1 profile is active: "dev"
24-08-04.11:48:24.188 [main            ] INFO  RepositoryConfigurationDelegate - Multiple Spring Data modules found, entering strict repository configuration mode
24-08-04.11:48:24.194 [main            ] INFO  RepositoryConfigurationDelegate - Bootstrapping Spring Data Redis repositories in DEFAULT mode.
24-08-04.11:48:24.234 [main            ] INFO  RepositoryConfigurationDelegate - Finished Spring Data repository scanning in 16 ms. Found 0 Redis repository interfaces.
24-08-04.11:48:25.924 [main            ] INFO  Version                - Redisson 3.23.4
24-08-04.11:48:26.804 [redisson-netty-2-5] INFO  MasterPubSubConnectionPool - 1 connections initialized for localhost/127.0.0.1:6379
24-08-04.11:48:26.927 [redisson-netty-2-20] INFO  MasterConnectionPool   - 24 connections initialized for localhost/127.0.0.1:6379
24-08-04.11:48:29.551 [main            ] INFO  EndpointLinksResolver  - Exposing 1 endpoint(s) beneath base path '/actuator'
24-08-04.11:48:29.648 [main            ] INFO  FilterTest             - Started FilterTest in 7.189 seconds (JVM running for 8.497)
24-08-04.11:49:19.328 [main            ] INFO  HikariDataSource       - HikariPool-1 - Starting...
24-08-04.11:49:23.151 [main            ] INFO  FilterTest             - Starting FilterTest using Java 1.8.0_402 on MECHREVO with PID 26028 (started by wucha in E:\projects\big_market\marketing\ddd-main-app)
24-08-04.11:49:23.152 [main            ] INFO  FilterTest             - The following 1 profile is active: "dev"
24-08-04.11:49:24.224 [main            ] INFO  RepositoryConfigurationDelegate - Multiple Spring Data modules found, entering strict repository configuration mode
24-08-04.11:49:24.230 [main            ] INFO  RepositoryConfigurationDelegate - Bootstrapping Spring Data Redis repositories in DEFAULT mode.
24-08-04.11:49:24.272 [main            ] INFO  RepositoryConfigurationDelegate - Finished Spring Data repository scanning in 18 ms. Found 0 Redis repository interfaces.
24-08-04.11:49:26.030 [main            ] INFO  Version                - Redisson 3.23.4
24-08-04.11:49:26.942 [redisson-netty-2-6] INFO  MasterPubSubConnectionPool - 1 connections initialized for localhost/127.0.0.1:6379
24-08-04.11:49:27.091 [redisson-netty-2-20] INFO  MasterConnectionPool   - 24 connections initialized for localhost/127.0.0.1:6379
24-08-04.11:49:29.792 [main            ] INFO  EndpointLinksResolver  - Exposing 1 endpoint(s) beneath base path '/actuator'
24-08-04.11:49:29.900 [main            ] INFO  FilterTest             - Started FilterTest in 7.386 seconds (JVM running for 8.711)
24-08-04.11:51:18.379 [main            ] INFO  StrategyTest           - Starting StrategyTest using Java 1.8.0_402 on MECHREVO with PID 23784 (started by wucha in E:\projects\big_market\marketing\ddd-main-app)
24-08-04.11:51:18.380 [main            ] INFO  StrategyTest           - The following 1 profile is active: "dev"
24-08-04.11:51:19.593 [main            ] INFO  RepositoryConfigurationDelegate - Multiple Spring Data modules found, entering strict repository configuration mode
24-08-04.11:51:19.597 [main            ] INFO  RepositoryConfigurationDelegate - Bootstrapping Spring Data Redis repositories in DEFAULT mode.
24-08-04.11:51:19.645 [main            ] INFO  RepositoryConfigurationDelegate - Finished Spring Data repository scanning in 16 ms. Found 0 Redis repository interfaces.
24-08-04.11:51:21.355 [main            ] INFO  Version                - Redisson 3.23.4
24-08-04.11:51:22.331 [redisson-netty-2-5] INFO  MasterPubSubConnectionPool - 1 connections initialized for localhost/127.0.0.1:6379
24-08-04.11:51:22.449 [redisson-netty-2-20] INFO  MasterConnectionPool   - 24 connections initialized for localhost/127.0.0.1:6379
24-08-04.11:51:25.019 [main            ] INFO  EndpointLinksResolver  - Exposing 1 endpoint(s) beneath base path '/actuator'
24-08-04.11:51:25.129 [main            ] INFO  StrategyTest           - Started StrategyTest in 7.429 seconds (JVM running for 8.648)
24-08-04.11:53:11.661 [main            ] INFO  StrategyTest           - Starting StrategyTest using Java 1.8.0_402 on MECHREVO with PID 25392 (started by wucha in E:\projects\big_market\marketing\ddd-main-app)
24-08-04.11:53:11.692 [main            ] INFO  StrategyTest           - The following 1 profile is active: "dev"
24-08-04.11:53:12.738 [main            ] INFO  RepositoryConfigurationDelegate - Multiple Spring Data modules found, entering strict repository configuration mode
24-08-04.11:53:12.742 [main            ] INFO  RepositoryConfigurationDelegate - Bootstrapping Spring Data Redis repositories in DEFAULT mode.
24-08-04.11:53:12.779 [main            ] INFO  RepositoryConfigurationDelegate - Finished Spring Data repository scanning in 16 ms. Found 0 Redis repository interfaces.
24-08-04.11:53:14.513 [main            ] INFO  Version                - Redisson 3.23.4
24-08-04.11:53:15.494 [redisson-netty-2-5] INFO  MasterPubSubConnectionPool - 1 connections initialized for localhost/127.0.0.1:6379
24-08-04.11:53:15.623 [redisson-netty-2-20] INFO  MasterConnectionPool   - 24 connections initialized for localhost/127.0.0.1:6379
24-08-04.11:53:18.268 [main            ] INFO  EndpointLinksResolver  - Exposing 1 endpoint(s) beneath base path '/actuator'
24-08-04.11:53:18.367 [main            ] INFO  StrategyTest           - Started StrategyTest in 7.28 seconds (JVM running for 8.621)
24-08-04.11:54:21.248 [main            ] INFO  StrategyTest           - Starting StrategyTest using Java 1.8.0_402 on MECHREVO with PID 26708 (started by wucha in E:\projects\big_market\marketing\ddd-main-app)
24-08-04.11:54:21.250 [main            ] INFO  StrategyTest           - The following 1 profile is active: "dev"
24-08-04.11:54:22.442 [main            ] INFO  RepositoryConfigurationDelegate - Multiple Spring Data modules found, entering strict repository configuration mode
24-08-04.11:54:22.446 [main            ] INFO  RepositoryConfigurationDelegate - Bootstrapping Spring Data Redis repositories in DEFAULT mode.
24-08-04.11:54:22.486 [main            ] INFO  RepositoryConfigurationDelegate - Finished Spring Data repository scanning in 16 ms. Found 0 Redis repository interfaces.
24-08-04.11:54:24.134 [main            ] INFO  Version                - Redisson 3.23.4
24-08-04.11:54:25.005 [redisson-netty-2-5] INFO  MasterPubSubConnectionPool - 1 connections initialized for localhost/127.0.0.1:6379
24-08-04.11:54:25.127 [redisson-netty-2-20] INFO  MasterConnectionPool   - 24 connections initialized for localhost/127.0.0.1:6379
24-08-04.11:54:27.674 [main            ] INFO  EndpointLinksResolver  - Exposing 1 endpoint(s) beneath base path '/actuator'
24-08-04.11:54:27.774 [main            ] INFO  StrategyTest           - Started StrategyTest in 7.14 seconds (JVM running for 8.429)
24-08-04.11:54:41.296 [main            ] INFO  StrategyTest           - Starting StrategyTest using Java 1.8.0_402 on MECHREVO with PID 4996 (started by wucha in E:\projects\big_market\marketing\ddd-main-app)
24-08-04.11:54:41.297 [main            ] INFO  StrategyTest           - The following 1 profile is active: "dev"
24-08-04.11:54:42.397 [main            ] INFO  RepositoryConfigurationDelegate - Multiple Spring Data modules found, entering strict repository configuration mode
24-08-04.11:54:42.401 [main            ] INFO  RepositoryConfigurationDelegate - Bootstrapping Spring Data Redis repositories in DEFAULT mode.
24-08-04.11:54:42.437 [main            ] INFO  RepositoryConfigurationDelegate - Finished Spring Data repository scanning in 16 ms. Found 0 Redis repository interfaces.
24-08-04.11:54:44.076 [main            ] INFO  Version                - Redisson 3.23.4
24-08-04.11:54:44.958 [redisson-netty-2-5] INFO  MasterPubSubConnectionPool - 1 connections initialized for localhost/127.0.0.1:6379
24-08-04.11:54:45.086 [redisson-netty-2-20] INFO  MasterConnectionPool   - 24 connections initialized for localhost/127.0.0.1:6379
24-08-04.11:54:47.698 [main            ] INFO  EndpointLinksResolver  - Exposing 1 endpoint(s) beneath base path '/actuator'
24-08-04.11:54:47.794 [main            ] INFO  StrategyTest           - Started StrategyTest in 7.135 seconds (JVM running for 8.635)
24-08-04.11:55:10.847 [main            ] INFO  StrategyTest           - Starting StrategyTest using Java 1.8.0_402 on MECHREVO with PID 12392 (started by wucha in E:\projects\big_market\marketing\ddd-main-app)
24-08-04.11:55:10.849 [main            ] INFO  StrategyTest           - The following 1 profile is active: "dev"
24-08-04.11:55:12.019 [main            ] INFO  RepositoryConfigurationDelegate - Multiple Spring Data modules found, entering strict repository configuration mode
24-08-04.11:55:12.023 [main            ] INFO  RepositoryConfigurationDelegate - Bootstrapping Spring Data Redis repositories in DEFAULT mode.
24-08-04.11:55:12.060 [main            ] INFO  RepositoryConfigurationDelegate - Finished Spring Data repository scanning in 17 ms. Found 0 Redis repository interfaces.
24-08-04.11:55:13.806 [main            ] INFO  Version                - Redisson 3.23.4
24-08-04.11:55:14.723 [redisson-netty-2-5] INFO  MasterPubSubConnectionPool - 1 connections initialized for localhost/127.0.0.1:6379
24-08-04.11:55:14.861 [redisson-netty-2-20] INFO  MasterConnectionPool   - 24 connections initialized for localhost/127.0.0.1:6379
24-08-04.11:55:17.570 [main            ] INFO  EndpointLinksResolver  - Exposing 1 endpoint(s) beneath base path '/actuator'
24-08-04.11:55:17.666 [main            ] INFO  StrategyTest           - Started StrategyTest in 7.435 seconds (JVM running for 8.736)
24-08-04.12:05:35.821 [main            ] INFO  StrategyTest           - Starting StrategyTest using Java 1.8.0_402 on MECHREVO with PID 30808 (started by wucha in E:\projects\big_market\marketing\ddd-main-app)
24-08-04.12:05:35.823 [main            ] INFO  StrategyTest           - The following 1 profile is active: "dev"
24-08-04.12:05:37.017 [main            ] INFO  RepositoryConfigurationDelegate - Multiple Spring Data modules found, entering strict repository configuration mode
24-08-04.12:05:37.020 [main            ] INFO  RepositoryConfigurationDelegate - Bootstrapping Spring Data Redis repositories in DEFAULT mode.
24-08-04.12:05:37.063 [main            ] INFO  RepositoryConfigurationDelegate - Finished Spring Data repository scanning in 19 ms. Found 0 Redis repository interfaces.
24-08-04.12:05:38.996 [main            ] INFO  Version                - Redisson 3.23.4
24-08-04.12:05:40.011 [redisson-netty-2-5] INFO  MasterPubSubConnectionPool - 1 connections initialized for localhost/127.0.0.1:6379
24-08-04.12:05:40.132 [redisson-netty-2-20] INFO  MasterConnectionPool   - 24 connections initialized for localhost/127.0.0.1:6379
24-08-04.12:05:42.766 [main            ] INFO  EndpointLinksResolver  - Exposing 1 endpoint(s) beneath base path '/actuator'
24-08-04.12:05:42.854 [main            ] INFO  StrategyTest           - Started StrategyTest in 7.776 seconds (JVM running for 9.974)
24-08-04.12:07:26.977 [main            ] INFO  StrategyTest           - Starting StrategyTest using Java 1.8.0_402 on MECHREVO with PID 21620 (started by wucha in E:\projects\big_market\marketing\ddd-main-app)
24-08-04.12:07:26.978 [main            ] INFO  StrategyTest           - The following 1 profile is active: "dev"
24-08-04.12:07:28.179 [main            ] INFO  RepositoryConfigurationDelegate - Multiple Spring Data modules found, entering strict repository configuration mode
24-08-04.12:07:28.183 [main            ] INFO  RepositoryConfigurationDelegate - Bootstrapping Spring Data Redis repositories in DEFAULT mode.
24-08-04.12:07:28.218 [main            ] INFO  RepositoryConfigurationDelegate - Finished Spring Data repository scanning in 15 ms. Found 0 Redis repository interfaces.
24-08-04.12:07:30.137 [main            ] INFO  Version                - Redisson 3.23.4
24-08-04.12:07:31.104 [redisson-netty-2-5] INFO  MasterPubSubConnectionPool - 1 connections initialized for localhost/127.0.0.1:6379
24-08-04.12:07:31.213 [redisson-netty-2-20] INFO  MasterConnectionPool   - 24 connections initialized for localhost/127.0.0.1:6379
24-08-04.12:07:34.224 [main            ] INFO  EndpointLinksResolver  - Exposing 1 endpoint(s) beneath base path '/actuator'
24-08-04.12:07:34.344 [main            ] INFO  StrategyTest           - Started StrategyTest in 8.025 seconds (JVM running for 9.611)
24-08-04.12:11:36.688 [main            ] INFO  StrategyTest           - Starting StrategyTest using Java 1.8.0_402 on MECHREVO with PID 29124 (started by wucha in E:\projects\big_market\marketing\ddd-main-app)
24-08-04.12:11:36.690 [main            ] INFO  StrategyTest           - The following 1 profile is active: "dev"
24-08-04.12:11:38.205 [main            ] INFO  RepositoryConfigurationDelegate - Multiple Spring Data modules found, entering strict repository configuration mode
24-08-04.12:11:38.211 [main            ] INFO  RepositoryConfigurationDelegate - Bootstrapping Spring Data Redis repositories in DEFAULT mode.
24-08-04.12:11:38.258 [main            ] INFO  RepositoryConfigurationDelegate - Finished Spring Data repository scanning in 14 ms. Found 0 Redis repository interfaces.
24-08-04.12:11:40.574 [main            ] INFO  Version                - Redisson 3.23.4
24-08-04.12:11:41.727 [redisson-netty-2-5] INFO  MasterPubSubConnectionPool - 1 connections initialized for localhost/127.0.0.1:6379
24-08-04.12:11:41.852 [redisson-netty-2-20] INFO  MasterConnectionPool   - 24 connections initialized for localhost/127.0.0.1:6379
24-08-04.12:11:45.139 [main            ] INFO  EndpointLinksResolver  - Exposing 1 endpoint(s) beneath base path '/actuator'
24-08-04.12:11:45.244 [main            ] INFO  StrategyTest           - Started StrategyTest in 9.498 seconds (JVM running for 12.336)
24-08-04.12:12:19.913 [main            ] INFO  StrategyTest           - Starting StrategyTest using Java 1.8.0_402 on MECHREVO with PID 20024 (started by wucha in E:\projects\big_market\marketing\ddd-main-app)
24-08-04.12:12:19.916 [main            ] INFO  StrategyTest           - The following 1 profile is active: "dev"
24-08-04.12:12:21.207 [main            ] INFO  RepositoryConfigurationDelegate - Multiple Spring Data modules found, entering strict repository configuration mode
24-08-04.12:12:21.213 [main            ] INFO  RepositoryConfigurationDelegate - Bootstrapping Spring Data Redis repositories in DEFAULT mode.
24-08-04.12:12:21.257 [main            ] INFO  RepositoryConfigurationDelegate - Finished Spring Data repository scanning in 17 ms. Found 0 Redis repository interfaces.
24-08-04.12:12:23.301 [main            ] INFO  Version                - Redisson 3.23.4
24-08-04.12:12:24.326 [redisson-netty-2-5] INFO  MasterPubSubConnectionPool - 1 connections initialized for localhost/127.0.0.1:6379
24-08-04.12:12:24.455 [redisson-netty-2-20] INFO  MasterConnectionPool   - 24 connections initialized for localhost/127.0.0.1:6379
24-08-04.12:12:27.280 [main            ] INFO  EndpointLinksResolver  - Exposing 1 endpoint(s) beneath base path '/actuator'
24-08-04.12:12:27.373 [main            ] INFO  StrategyTest           - Started StrategyTest in 8.212 seconds (JVM running for 9.62)
24-08-04.12:13:50.677 [main            ] INFO  FilterTest             - Starting FilterTest using Java 1.8.0_402 on MECHREVO with PID 31260 (started by wucha in E:\projects\big_market\marketing\ddd-main-app)
24-08-04.12:13:50.678 [main            ] INFO  FilterTest             - The following 1 profile is active: "dev"
24-08-04.12:13:51.857 [main            ] INFO  RepositoryConfigurationDelegate - Multiple Spring Data modules found, entering strict repository configuration mode
24-08-04.12:13:51.861 [main            ] INFO  RepositoryConfigurationDelegate - Bootstrapping Spring Data Redis repositories in DEFAULT mode.
24-08-04.12:13:51.898 [main            ] INFO  RepositoryConfigurationDelegate - Finished Spring Data repository scanning in 15 ms. Found 0 Redis repository interfaces.
24-08-04.12:13:53.922 [main            ] INFO  Version                - Redisson 3.23.4
24-08-04.12:13:54.891 [redisson-netty-2-5] INFO  MasterPubSubConnectionPool - 1 connections initialized for localhost/127.0.0.1:6379
24-08-04.12:13:55.031 [redisson-netty-2-20] INFO  MasterConnectionPool   - 24 connections initialized for localhost/127.0.0.1:6379
24-08-04.12:13:57.778 [main            ] INFO  EndpointLinksResolver  - Exposing 1 endpoint(s) beneath base path '/actuator'
24-08-04.12:13:57.873 [main            ] INFO  FilterTest             - Started FilterTest in 7.942 seconds (JVM running for 9.341)
24-08-04.12:14:52.363 [main            ] INFO  FilterTest             - Starting FilterTest using Java 1.8.0_402 on MECHREVO with PID 21268 (started by wucha in E:\projects\big_market\marketing\ddd-main-app)
24-08-04.12:14:52.364 [main            ] INFO  FilterTest             - The following 1 profile is active: "dev"
24-08-04.12:14:53.543 [main            ] INFO  RepositoryConfigurationDelegate - Multiple Spring Data modules found, entering strict repository configuration mode
24-08-04.12:14:53.549 [main            ] INFO  RepositoryConfigurationDelegate - Bootstrapping Spring Data Redis repositories in DEFAULT mode.
24-08-04.12:14:53.589 [main            ] INFO  RepositoryConfigurationDelegate - Finished Spring Data repository scanning in 16 ms. Found 0 Redis repository interfaces.
24-08-04.12:14:55.290 [main            ] INFO  Version                - Redisson 3.23.4
24-08-04.12:14:56.176 [redisson-netty-2-5] INFO  MasterPubSubConnectionPool - 1 connections initialized for localhost/127.0.0.1:6379
24-08-04.12:14:56.303 [redisson-netty-2-20] INFO  MasterConnectionPool   - 24 connections initialized for localhost/127.0.0.1:6379
24-08-04.12:14:58.929 [main            ] INFO  EndpointLinksResolver  - Exposing 1 endpoint(s) beneath base path '/actuator'
24-08-04.12:14:59.024 [main            ] INFO  FilterTest             - Started FilterTest in 7.278 seconds (JVM running for 8.584)
24-08-04.12:15:41.816 [main            ] INFO  HikariDataSource       - HikariPool-1 - Starting...
24-08-04.12:15:42.456 [main            ] INFO  HikariDataSource       - HikariPool-1 - Start completed.
24-08-04.12:15:42.833 [main            ] INFO  FilterTest             - 请求参数：{"strategyId":100003,"userId":"xiaofuge"}
24-08-04.12:15:42.839 [main            ] INFO  FilterTest             - 测试结果：{"strategyId":100003,"userId":"xiaofuge"}
24-08-04.12:15:42.858 [SpringApplicationShutdownHook] INFO  HikariDataSource       - HikariPool-1 - Shutdown initiated...
24-08-04.12:15:42.885 [SpringApplicationShutdownHook] INFO  HikariDataSource       - HikariPool-1 - Shutdown completed.
24-08-04.12:16:05.253 [main            ] INFO  FilterTest             - Starting FilterTest using Java 1.8.0_402 on MECHREVO with PID 24324 (started by wucha in E:\projects\big_market\marketing\ddd-main-app)
24-08-04.12:16:05.255 [main            ] INFO  FilterTest             - The following 1 profile is active: "dev"
24-08-04.12:16:06.407 [main            ] INFO  RepositoryConfigurationDelegate - Multiple Spring Data modules found, entering strict repository configuration mode
24-08-04.12:16:06.411 [main            ] INFO  RepositoryConfigurationDelegate - Bootstrapping Spring Data Redis repositories in DEFAULT mode.
24-08-04.12:16:06.449 [main            ] INFO  RepositoryConfigurationDelegate - Finished Spring Data repository scanning in 16 ms. Found 0 Redis repository interfaces.
24-08-04.12:16:08.237 [main            ] INFO  Version                - Redisson 3.23.4
24-08-04.12:16:09.146 [redisson-netty-2-6] INFO  MasterPubSubConnectionPool - 1 connections initialized for localhost/127.0.0.1:6379
24-08-04.12:16:09.269 [redisson-netty-2-20] INFO  MasterConnectionPool   - 24 connections initialized for localhost/127.0.0.1:6379
24-08-04.12:16:11.817 [main            ] INFO  EndpointLinksResolver  - Exposing 1 endpoint(s) beneath base path '/actuator'
24-08-04.12:16:11.892 [main            ] INFO  FilterTest             - Started FilterTest in 7.242 seconds (JVM running for 8.505)
24-08-04.12:36:13.410 [main            ] INFO  HikariDataSource       - HikariPool-1 - Starting...
24-08-04.12:36:13.887 [main            ] INFO  HikariDataSource       - HikariPool-1 - Start completed.
24-08-04.12:36:14.213 [main            ] INFO  FilterTest             - 请求参数：{"strategyId":100003,"userId":"xiaofuge"}
24-08-04.12:36:14.213 [main            ] INFO  FilterTest             - 测试结果：{"strategyId":100003,"userId":"xiaofuge"}
24-08-04.12:36:14.239 [SpringApplicationShutdownHook] INFO  HikariDataSource       - HikariPool-1 - Shutdown initiated...
24-08-04.12:36:14.258 [SpringApplicationShutdownHook] INFO  HikariDataSource       - HikariPool-1 - Shutdown completed.
24-08-04.12:41:40.204 [main            ] INFO  FilterTest             - Starting FilterTest using Java 1.8.0_402 on MECHREVO with PID 30600 (started by wucha in E:\projects\big_market\marketing\ddd-main-app)
24-08-04.12:41:40.205 [main            ] INFO  FilterTest             - The following 1 profile is active: "dev"
24-08-04.12:41:40.915 [main            ] INFO  RepositoryConfigurationDelegate - Multiple Spring Data modules found, entering strict repository configuration mode
24-08-04.12:41:40.917 [main            ] INFO  RepositoryConfigurationDelegate - Bootstrapping Spring Data Redis repositories in DEFAULT mode.
24-08-04.12:41:40.938 [main            ] INFO  RepositoryConfigurationDelegate - Finished Spring Data repository scanning in 8 ms. Found 0 Redis repository interfaces.
24-08-04.12:41:41.961 [main            ] INFO  Version                - Redisson 3.23.4
24-08-04.12:41:42.501 [redisson-netty-2-5] INFO  MasterPubSubConnectionPool - 1 connections initialized for localhost/127.0.0.1:6379
24-08-04.12:41:42.560 [redisson-netty-2-20] INFO  MasterConnectionPool   - 24 connections initialized for localhost/127.0.0.1:6379
24-08-04.12:41:44.274 [main            ] INFO  EndpointLinksResolver  - Exposing 1 endpoint(s) beneath base path '/actuator'
24-08-04.12:41:44.327 [main            ] INFO  FilterTest             - Started FilterTest in 4.55 seconds (JVM running for 5.696)
24-08-04.12:41:49.019 [main            ] INFO  HikariDataSource       - HikariPool-1 - Starting...
24-08-04.12:41:49.271 [main            ] INFO  HikariDataSource       - HikariPool-1 - Start completed.
24-08-04.12:41:49.456 [main            ] INFO  FilterTest             - 请求参数：{"strategyId":100003,"userId":"xiaofuge"}
24-08-04.12:41:49.458 [main            ] INFO  FilterTest             - 测试结果：{"strategyId":100003,"userId":"xiaofuge"}
24-08-04.12:41:49.472 [SpringApplicationShutdownHook] INFO  HikariDataSource       - HikariPool-1 - Shutdown initiated...
24-08-04.12:41:49.485 [SpringApplicationShutdownHook] INFO  HikariDataSource       - HikariPool-1 - Shutdown completed.
24-08-04.12:42:15.437 [main            ] INFO  FilterTest             - Starting FilterTest using Java 1.8.0_402 on MECHREVO with PID 34104 (started by wucha in E:\projects\big_market\marketing\ddd-main-app)
24-08-04.12:42:15.438 [main            ] INFO  FilterTest             - The following 1 profile is active: "dev"
24-08-04.12:42:16.084 [main            ] INFO  RepositoryConfigurationDelegate - Multiple Spring Data modules found, entering strict repository configuration mode
24-08-04.12:42:16.087 [main            ] INFO  RepositoryConfigurationDelegate - Bootstrapping Spring Data Redis repositories in DEFAULT mode.
24-08-04.12:42:16.107 [main            ] INFO  RepositoryConfigurationDelegate - Finished Spring Data repository scanning in 9 ms. Found 0 Redis repository interfaces.
24-08-04.12:42:17.075 [main            ] INFO  Version                - Redisson 3.23.4
24-08-04.12:42:17.564 [redisson-netty-2-6] INFO  MasterPubSubConnectionPool - 1 connections initialized for localhost/127.0.0.1:6379
24-08-04.12:42:17.622 [redisson-netty-2-20] INFO  MasterConnectionPool   - 24 connections initialized for localhost/127.0.0.1:6379
24-08-04.12:42:19.206 [main            ] INFO  EndpointLinksResolver  - Exposing 1 endpoint(s) beneath base path '/actuator'
24-08-04.12:42:19.276 [main            ] INFO  FilterTest             - Started FilterTest in 4.221 seconds (JVM running for 4.978)
24-08-04.12:42:35.917 [main            ] INFO  FilterTest             - Starting FilterTest using Java 1.8.0_402 on MECHREVO with PID 38612 (started by wucha in E:\projects\big_market\marketing\ddd-main-app)
24-08-04.12:42:35.918 [main            ] INFO  FilterTest             - The following 1 profile is active: "dev"
24-08-04.12:42:36.582 [main            ] INFO  RepositoryConfigurationDelegate - Multiple Spring Data modules found, entering strict repository configuration mode
24-08-04.12:42:36.584 [main            ] INFO  RepositoryConfigurationDelegate - Bootstrapping Spring Data Redis repositories in DEFAULT mode.
24-08-04.12:42:36.604 [main            ] INFO  RepositoryConfigurationDelegate - Finished Spring Data repository scanning in 7 ms. Found 0 Redis repository interfaces.
24-08-04.12:42:37.583 [main            ] INFO  Version                - Redisson 3.23.4
24-08-04.12:42:38.065 [redisson-netty-2-5] INFO  MasterPubSubConnectionPool - 1 connections initialized for localhost/127.0.0.1:6379
24-08-04.12:42:38.132 [redisson-netty-2-20] INFO  MasterConnectionPool   - 24 connections initialized for localhost/127.0.0.1:6379
24-08-04.12:42:39.710 [main            ] INFO  EndpointLinksResolver  - Exposing 1 endpoint(s) beneath base path '/actuator'
24-08-04.12:42:39.753 [main            ] INFO  FilterTest             - Started FilterTest in 4.194 seconds (JVM running for 4.999)
24-08-04.12:55:15.448 [main            ] INFO  HikariDataSource       - HikariPool-1 - Starting...
24-08-04.12:55:21.839 [main            ] INFO  FilterTest             - Starting FilterTest using Java 1.8.0_402 on MECHREVO with PID 29688 (started by wucha in E:\projects\big_market\marketing\ddd-main-app)
24-08-04.12:55:21.840 [main            ] INFO  FilterTest             - The following 1 profile is active: "dev"
24-08-04.12:55:22.497 [main            ] INFO  RepositoryConfigurationDelegate - Multiple Spring Data modules found, entering strict repository configuration mode
24-08-04.12:55:22.499 [main            ] INFO  RepositoryConfigurationDelegate - Bootstrapping Spring Data Redis repositories in DEFAULT mode.
24-08-04.12:55:22.521 [main            ] INFO  RepositoryConfigurationDelegate - Finished Spring Data repository scanning in 7 ms. Found 0 Redis repository interfaces.
24-08-04.12:55:23.532 [main            ] INFO  Version                - Redisson 3.23.4
24-08-04.12:55:24.009 [redisson-netty-2-5] INFO  MasterPubSubConnectionPool - 1 connections initialized for localhost/127.0.0.1:6379
24-08-04.12:55:24.060 [redisson-netty-2-20] INFO  MasterConnectionPool   - 24 connections initialized for localhost/127.0.0.1:6379
24-08-04.12:55:25.775 [main            ] INFO  EndpointLinksResolver  - Exposing 1 endpoint(s) beneath base path '/actuator'
24-08-04.12:55:25.832 [main            ] INFO  FilterTest             - Started FilterTest in 4.343 seconds (JVM running for 5.138)
24-08-04.12:55:45.446 [main            ] INFO  FilterTest             - Starting FilterTest using Java 1.8.0_402 on MECHREVO with PID 34956 (started by wucha in E:\projects\big_market\marketing\ddd-main-app)
24-08-04.12:55:45.447 [main            ] INFO  FilterTest             - The following 1 profile is active: "dev"
24-08-04.12:55:46.269 [main            ] INFO  RepositoryConfigurationDelegate - Multiple Spring Data modules found, entering strict repository configuration mode
24-08-04.12:55:46.272 [main            ] INFO  RepositoryConfigurationDelegate - Bootstrapping Spring Data Redis repositories in DEFAULT mode.
24-08-04.12:55:46.290 [main            ] INFO  RepositoryConfigurationDelegate - Finished Spring Data repository scanning in 7 ms. Found 0 Redis repository interfaces.
24-08-04.12:55:47.377 [main            ] INFO  Version                - Redisson 3.23.4
24-08-04.12:55:47.837 [redisson-netty-2-5] INFO  MasterPubSubConnectionPool - 1 connections initialized for localhost/127.0.0.1:6379
24-08-04.12:55:47.894 [redisson-netty-2-20] INFO  MasterConnectionPool   - 24 connections initialized for localhost/127.0.0.1:6379
24-08-04.12:55:49.665 [main            ] INFO  EndpointLinksResolver  - Exposing 1 endpoint(s) beneath base path '/actuator'
24-08-04.12:55:49.714 [main            ] INFO  FilterTest             - Started FilterTest in 4.656 seconds (JVM running for 5.53)
24-08-04.12:56:04.890 [main            ] INFO  HikariDataSource       - HikariPool-1 - Starting...
24-08-04.12:56:08.818 [main            ] INFO  FilterTest             - Starting FilterTest using Java 1.8.0_402 on MECHREVO with PID 36940 (started by wucha in E:\projects\big_market\marketing\ddd-main-app)
24-08-04.12:56:08.819 [main            ] INFO  FilterTest             - The following 1 profile is active: "dev"
24-08-04.12:56:09.460 [main            ] INFO  RepositoryConfigurationDelegate - Multiple Spring Data modules found, entering strict repository configuration mode
24-08-04.12:56:09.462 [main            ] INFO  RepositoryConfigurationDelegate - Bootstrapping Spring Data Redis repositories in DEFAULT mode.
24-08-04.12:56:09.481 [main            ] INFO  RepositoryConfigurationDelegate - Finished Spring Data repository scanning in 8 ms. Found 0 Redis repository interfaces.
24-08-04.12:56:10.458 [main            ] INFO  Version                - Redisson 3.23.4
24-08-04.12:56:10.945 [redisson-netty-2-5] INFO  MasterPubSubConnectionPool - 1 connections initialized for localhost/127.0.0.1:6379
24-08-04.12:56:11.006 [redisson-netty-2-20] INFO  MasterConnectionPool   - 24 connections initialized for localhost/127.0.0.1:6379
24-08-04.12:56:12.767 [main            ] INFO  EndpointLinksResolver  - Exposing 1 endpoint(s) beneath base path '/actuator'
24-08-04.12:56:12.815 [main            ] INFO  FilterTest             - Started FilterTest in 4.348 seconds (JVM running for 5.102)
24-08-04.12:56:30.294 [main            ] INFO  HikariDataSource       - HikariPool-1 - Starting...
24-08-04.12:56:31.218 [main            ] INFO  HikariDataSource       - HikariPool-1 - Start completed.
24-08-04.12:57:38.464 [HikariPool-1 housekeeper] WARN  HikariPool             - HikariPool-1 - Thread starvation or clock leap detected (housekeeper delta=1m4s847ms793µs400ns).
24-08-04.12:58:22.020 [main            ] INFO  LotteryCountFilter     - 规则过滤-次数锁 userId:xiaofuge strategyId:100003 ruleModel:rule_lock
24-08-04.12:58:36.893 [SpringApplicationShutdownHook] INFO  HikariDataSource       - HikariPool-1 - Shutdown initiated...
24-08-04.12:58:36.903 [SpringApplicationShutdownHook] INFO  HikariDataSource       - HikariPool-1 - Shutdown completed.
24-08-04.12:59:00.015 [main            ] INFO  FilterTest             - Starting FilterTest using Java 1.8.0_402 on MECHREVO with PID 43944 (started by wucha in E:\projects\big_market\marketing\ddd-main-app)
24-08-04.12:59:00.017 [main            ] INFO  FilterTest             - The following 1 profile is active: "dev"
24-08-04.12:59:00.655 [main            ] INFO  RepositoryConfigurationDelegate - Multiple Spring Data modules found, entering strict repository configuration mode
24-08-04.12:59:00.658 [main            ] INFO  RepositoryConfigurationDelegate - Bootstrapping Spring Data Redis repositories in DEFAULT mode.
24-08-04.12:59:00.679 [main            ] INFO  RepositoryConfigurationDelegate - Finished Spring Data repository scanning in 9 ms. Found 0 Redis repository interfaces.
24-08-04.12:59:01.645 [main            ] INFO  Version                - Redisson 3.23.4
24-08-04.12:59:02.110 [redisson-netty-2-6] INFO  MasterPubSubConnectionPool - 1 connections initialized for localhost/127.0.0.1:6379
24-08-04.12:59:02.164 [redisson-netty-2-20] INFO  MasterConnectionPool   - 24 connections initialized for localhost/127.0.0.1:6379
24-08-04.12:59:03.820 [main            ] INFO  EndpointLinksResolver  - Exposing 1 endpoint(s) beneath base path '/actuator'
24-08-04.12:59:03.865 [main            ] INFO  FilterTest             - Started FilterTest in 4.196 seconds (JVM running for 4.942)
24-08-04.12:59:08.441 [main            ] INFO  HikariDataSource       - HikariPool-1 - Starting...
24-08-04.12:59:08.690 [main            ] INFO  HikariDataSource       - HikariPool-1 - Start completed.
24-08-04.12:59:14.214 [main            ] INFO  LotteryCountFilter     - 规则过滤-次数锁 userId:xiaofuge strategyId:100003 ruleModel:rule_lock
24-08-04.13:00:46.477 [HikariPool-1 housekeeper] WARN  HikariPool             - HikariPool-1 - Thread starvation or clock leap detected (housekeeper delta=1m35s126ms514µs).
24-08-04.13:00:46.508 [SpringApplicationShutdownHook] INFO  HikariDataSource       - HikariPool-1 - Shutdown initiated...
24-08-04.13:00:46.525 [SpringApplicationShutdownHook] INFO  HikariDataSource       - HikariPool-1 - Shutdown completed.
24-08-04.13:00:50.618 [main            ] INFO  FilterTest             - Starting FilterTest using Java 1.8.0_402 on MECHREVO with PID 34048 (started by wucha in E:\projects\big_market\marketing\ddd-main-app)
24-08-04.13:00:50.619 [main            ] INFO  FilterTest             - The following 1 profile is active: "dev"
24-08-04.13:00:51.251 [main            ] INFO  RepositoryConfigurationDelegate - Multiple Spring Data modules found, entering strict repository configuration mode
24-08-04.13:00:51.253 [main            ] INFO  RepositoryConfigurationDelegate - Bootstrapping Spring Data Redis repositories in DEFAULT mode.
24-08-04.13:00:51.270 [main            ] INFO  RepositoryConfigurationDelegate - Finished Spring Data repository scanning in 7 ms. Found 0 Redis repository interfaces.
24-08-04.13:00:52.217 [main            ] INFO  Version                - Redisson 3.23.4
24-08-04.13:00:52.673 [redisson-netty-2-5] INFO  MasterPubSubConnectionPool - 1 connections initialized for localhost/127.0.0.1:6379
24-08-04.13:00:52.724 [redisson-netty-2-20] INFO  MasterConnectionPool   - 24 connections initialized for localhost/127.0.0.1:6379
24-08-04.13:00:54.360 [main            ] INFO  EndpointLinksResolver  - Exposing 1 endpoint(s) beneath base path '/actuator'
24-08-04.13:00:54.417 [main            ] INFO  FilterTest             - Started FilterTest in 4.145 seconds (JVM running for 4.886)
24-08-04.13:00:56.918 [main            ] INFO  HikariDataSource       - HikariPool-1 - Starting...
24-08-04.13:00:57.158 [main            ] INFO  HikariDataSource       - HikariPool-1 - Start completed.
24-08-04.13:00:58.558 [main            ] INFO  LotteryCountFilter     - 规则过滤-次数锁 userId:xiaofuge strategyId:100003 ruleModel:rule_lock
24-08-04.13:02:01.809 [HikariPool-1 housekeeper] WARN  HikariPool             - HikariPool-1 - Thread starvation or clock leap detected (housekeeper delta=1m3s249ms483µs300ns).
24-08-04.13:10:03.341 [HikariPool-1 housekeeper] WARN  HikariPool             - HikariPool-1 - Thread starvation or clock leap detected (housekeeper delta=7m31s439ms604µs100ns).
24-08-04.13:10:03.389 [SpringApplicationShutdownHook] INFO  HikariDataSource       - HikariPool-1 - Shutdown initiated...
24-08-04.13:10:03.408 [SpringApplicationShutdownHook] INFO  HikariDataSource       - HikariPool-1 - Shutdown completed.
24-08-04.13:12:01.936 [main            ] INFO  FilterTest             - Starting FilterTest using Java 1.8.0_402 on MECHREVO with PID 42724 (started by wucha in E:\projects\big_market\marketing\ddd-main-app)
24-08-04.13:12:01.937 [main            ] INFO  FilterTest             - The following 1 profile is active: "dev"
24-08-04.13:12:02.692 [main            ] INFO  RepositoryConfigurationDelegate - Multiple Spring Data modules found, entering strict repository configuration mode
24-08-04.13:12:02.694 [main            ] INFO  RepositoryConfigurationDelegate - Bootstrapping Spring Data Redis repositories in DEFAULT mode.
24-08-04.13:12:02.717 [main            ] INFO  RepositoryConfigurationDelegate - Finished Spring Data repository scanning in 8 ms. Found 0 Redis repository interfaces.
24-08-04.13:12:03.926 [main            ] INFO  Version                - Redisson 3.23.4
24-08-04.13:12:04.676 [redisson-netty-2-5] INFO  MasterPubSubConnectionPool - 1 connections initialized for localhost/127.0.0.1:6379
24-08-04.13:12:04.759 [redisson-netty-2-20] INFO  MasterConnectionPool   - 24 connections initialized for localhost/127.0.0.1:6379
24-08-04.13:12:06.574 [main            ] INFO  EndpointLinksResolver  - Exposing 1 endpoint(s) beneath base path '/actuator'
24-08-04.13:12:06.648 [main            ] INFO  FilterTest             - Started FilterTest in 5.089 seconds (JVM running for 6.18)
24-08-04.13:12:45.428 [main            ] INFO  FilterTest             - Starting FilterTest using Java 1.8.0_402 on MECHREVO with PID 35740 (started by wucha in E:\projects\big_market\marketing\ddd-main-app)
24-08-04.13:12:45.428 [main            ] INFO  FilterTest             - The following 1 profile is active: "dev"
24-08-04.13:12:46.095 [main            ] INFO  RepositoryConfigurationDelegate - Multiple Spring Data modules found, entering strict repository configuration mode
24-08-04.13:12:46.098 [main            ] INFO  RepositoryConfigurationDelegate - Bootstrapping Spring Data Redis repositories in DEFAULT mode.
24-08-04.13:12:46.119 [main            ] INFO  RepositoryConfigurationDelegate - Finished Spring Data repository scanning in 8 ms. Found 0 Redis repository interfaces.
24-08-04.13:12:47.147 [main            ] INFO  Version                - Redisson 3.23.4
24-08-04.13:12:47.614 [redisson-netty-2-5] INFO  MasterPubSubConnectionPool - 1 connections initialized for localhost/127.0.0.1:6379
24-08-04.13:12:47.680 [redisson-netty-2-20] INFO  MasterConnectionPool   - 24 connections initialized for localhost/127.0.0.1:6379
24-08-04.13:12:49.340 [main            ] INFO  EndpointLinksResolver  - Exposing 1 endpoint(s) beneath base path '/actuator'
24-08-04.13:12:49.390 [main            ] INFO  FilterTest             - Started FilterTest in 4.333 seconds (JVM running for 5.102)
24-08-04.13:12:51.231 [main            ] INFO  HikariDataSource       - HikariPool-1 - Starting...
24-08-04.13:12:51.492 [main            ] INFO  HikariDataSource       - HikariPool-1 - Start completed.
24-08-04.13:12:57.113 [main            ] INFO  LotteryCountFilter     - 规则过滤-次数锁 userId:xiaofuge strategyId:100003 ruleModel:rule_lock
24-08-04.13:13:21.382 [main            ] INFO  FilterTest             - 请求参数：{"strategyId":100003,"userId":"xiaofuge"}
24-08-04.13:13:21.384 [main            ] INFO  FilterTest             - 测试结果：{}
24-08-04.13:13:21.396 [SpringApplicationShutdownHook] INFO  HikariDataSource       - HikariPool-1 - Shutdown initiated...
24-08-04.13:13:21.410 [SpringApplicationShutdownHook] INFO  HikariDataSource       - HikariPool-1 - Shutdown completed.
24-08-04.13:13:53.737 [main            ] INFO  FilterTest             - Starting FilterTest using Java 1.8.0_402 on MECHREVO with PID 48024 (started by wucha in E:\projects\big_market\marketing\ddd-main-app)
24-08-04.13:13:53.737 [main            ] INFO  FilterTest             - The following 1 profile is active: "dev"
24-08-04.13:13:54.384 [main            ] INFO  RepositoryConfigurationDelegate - Multiple Spring Data modules found, entering strict repository configuration mode
24-08-04.13:13:54.386 [main            ] INFO  RepositoryConfigurationDelegate - Bootstrapping Spring Data Redis repositories in DEFAULT mode.
24-08-04.13:13:54.409 [main            ] INFO  RepositoryConfigurationDelegate - Finished Spring Data repository scanning in 10 ms. Found 0 Redis repository interfaces.
24-08-04.13:13:55.318 [main            ] INFO  Version                - Redisson 3.23.4
24-08-04.13:13:55.794 [redisson-netty-2-5] INFO  MasterPubSubConnectionPool - 1 connections initialized for localhost/127.0.0.1:6379
24-08-04.13:13:55.847 [redisson-netty-2-20] INFO  MasterConnectionPool   - 24 connections initialized for localhost/127.0.0.1:6379
24-08-04.13:13:57.659 [main            ] INFO  EndpointLinksResolver  - Exposing 1 endpoint(s) beneath base path '/actuator'
24-08-04.13:13:57.705 [main            ] INFO  FilterTest             - Started FilterTest in 4.339 seconds (JVM running for 5.156)
24-08-04.13:13:59.111 [main            ] INFO  HikariDataSource       - HikariPool-1 - Starting...
24-08-04.13:13:59.357 [main            ] INFO  HikariDataSource       - HikariPool-1 - Start completed.
24-08-04.13:14:09.228 [main            ] INFO  LotteryCountFilter     - 规则过滤-次数锁 userId:xiaofuge strategyId:100003 ruleModel:rule_lock
24-08-04.13:14:27.002 [main            ] INFO  FilterTest             - 请求参数：{"strategyId":100003,"userId":"xiaofuge"}
24-08-04.13:14:30.266 [main            ] INFO  FilterTest             - 测试结果：{}
24-08-04.13:14:30.278 [SpringApplicationShutdownHook] INFO  HikariDataSource       - HikariPool-1 - Shutdown initiated...
24-08-04.13:14:30.292 [SpringApplicationShutdownHook] INFO  HikariDataSource       - HikariPool-1 - Shutdown completed.
