24-07-20.19:09:41.457 [main            ] INFO  FilterTest             - Starting FilterTest using Java 1.8.0_402 on MECHREVO with PID 168784 (started by wucha in E:\projects\big_market\marketing\ddd-main-app)
24-07-20.19:09:41.459 [main            ] INFO  FilterTest             - The following 1 profile is active: "dev"
24-07-20.19:09:42.300 [main            ] INFO  RepositoryConfigurationDelegate - Multiple Spring Data modules found, entering strict repository configuration mode
24-07-20.19:09:42.303 [main            ] INFO  RepositoryConfigurationDelegate - Bootstrapping Spring Data Redis repositories in DEFAULT mode.
24-07-20.19:09:42.331 [main            ] INFO  RepositoryConfigurationDelegate - Finished Spring Data repository scanning in 9 ms. Found 0 Redis repository interfaces.
24-07-20.19:09:43.369 [main            ] INFO  Version                - Redisson 3.23.4
24-07-20.19:09:43.921 [redisson-netty-2-6] INFO  MasterPubSubConnectionPool - 1 connections initialized for localhost/127.0.0.1:6379
24-07-20.19:09:44.004 [redisson-netty-2-20] INFO  MasterConnectionPool   - 24 connections initialized for localhost/127.0.0.1:6379
24-07-20.19:09:45.566 [main            ] INFO  EndpointLinksResolver  - Exposing 1 endpoint(s) beneath base path '/actuator'
24-07-20.19:09:45.618 [main            ] INFO  FilterTest             - Started FilterTest in 4.527 seconds (JVM running for 5.341)
24-07-20.19:09:45.701 [main            ] ERROR TestContextManager     - Caught exception while allowing TestExecutionListener [org.springframework.boot.test.autoconfigure.SpringBootDependencyInjectionTestExecutionListener@2002fc1d] to prepare test instance [org.example.test.domain.FilterTest@6eabe718]
org.springframework.beans.factory.BeanCreationException: Error creating bean with name 'org.example.test.domain.FilterTest': Injection of resource dependencies failed; nested exception is org.springframework.beans.factory.NoSuchBeanDefinitionException: No qualifying bean of type 'org.example.domain.strategy.service.ILotteryService' available: expected at least 1 bean which qualifies as autowire candidate. Dependency annotations: {@javax.annotation.Resource(shareable=true, lookup=, name=, description=, authenticationType=CONTAINER, type=class java.lang.Object, mappedName=)}
	at org.springframework.context.annotation.CommonAnnotationBeanPostProcessor.postProcessProperties(CommonAnnotationBeanPostProcessor.java:332)
	at org.springframework.beans.factory.support.AbstractAutowireCapableBeanFactory.populateBean(AbstractAutowireCapableBeanFactory.java:1431)
	at org.springframework.beans.factory.support.AbstractAutowireCapableBeanFactory.autowireBeanProperties(AbstractAutowireCapableBeanFactory.java:417)
	at org.springframework.test.context.support.DependencyInjectionTestExecutionListener.injectDependencies(DependencyInjectionTestExecutionListener.java:119)
	at org.springframework.test.context.support.DependencyInjectionTestExecutionListener.prepareTestInstance(DependencyInjectionTestExecutionListener.java:83)
	at org.springframework.boot.test.autoconfigure.SpringBootDependencyInjectionTestExecutionListener.prepareTestInstance(SpringBootDependencyInjectionTestExecutionListener.java:43)
	at org.springframework.test.context.TestContextManager.prepareTestInstance(TestContextManager.java:248)
	at org.springframework.test.context.junit4.SpringJUnit4ClassRunner.createTest(SpringJUnit4ClassRunner.java:227)
	at org.springframework.test.context.junit4.SpringJUnit4ClassRunner$1.runReflectiveCall(SpringJUnit4ClassRunner.java:289)
	at org.junit.internal.runners.model.ReflectiveCallable.run(ReflectiveCallable.java:12)
	at org.springframework.test.context.junit4.SpringJUnit4ClassRunner.methodBlock(SpringJUnit4ClassRunner.java:291)
	at org.springframework.test.context.junit4.SpringJUnit4ClassRunner.runChild(SpringJUnit4ClassRunner.java:246)
	at org.springframework.test.context.junit4.SpringJUnit4ClassRunner.runChild(SpringJUnit4ClassRunner.java:97)
	at org.junit.runners.ParentRunner$4.run(ParentRunner.java:331)
	at org.junit.runners.ParentRunner$1.schedule(ParentRunner.java:79)
	at org.junit.runners.ParentRunner.runChildren(ParentRunner.java:329)
	at org.junit.runners.ParentRunner.access$100(ParentRunner.java:66)
	at org.junit.runners.ParentRunner$2.evaluate(ParentRunner.java:293)
	at org.springframework.test.context.junit4.statements.RunBeforeTestClassCallbacks.evaluate(RunBeforeTestClassCallbacks.java:61)
	at org.springframework.test.context.junit4.statements.RunAfterTestClassCallbacks.evaluate(RunAfterTestClassCallbacks.java:70)
	at org.junit.runners.ParentRunner$3.evaluate(ParentRunner.java:306)
	at org.junit.runners.ParentRunner.run(ParentRunner.java:413)
	at org.springframework.test.context.junit4.SpringJUnit4ClassRunner.run(SpringJUnit4ClassRunner.java:190)
	at org.junit.runner.JUnitCore.run(JUnitCore.java:137)
	at com.intellij.junit4.JUnit4IdeaTestRunner.startRunnerWithArgs(JUnit4IdeaTestRunner.java:69)
	at com.intellij.rt.junit.IdeaTestRunner$Repeater$1.execute(IdeaTestRunner.java:38)
	at com.intellij.rt.execution.junit.TestsRepeater.repeat(TestsRepeater.java:11)
	at com.intellij.rt.junit.IdeaTestRunner$Repeater.startRunnerWithArgs(IdeaTestRunner.java:35)
	at com.intellij.rt.junit.JUnitStarter.prepareStreamsAndStart(JUnitStarter.java:232)
	at com.intellij.rt.junit.JUnitStarter.main(JUnitStarter.java:55)
Caused by: org.springframework.beans.factory.NoSuchBeanDefinitionException: No qualifying bean of type 'org.example.domain.strategy.service.ILotteryService' available: expected at least 1 bean which qualifies as autowire candidate. Dependency annotations: {@javax.annotation.Resource(shareable=true, lookup=, name=, description=, authenticationType=CONTAINER, type=class java.lang.Object, mappedName=)}
	at org.springframework.beans.factory.support.DefaultListableBeanFactory.raiseNoMatchingBeanFound(DefaultListableBeanFactory.java:1801)
	at org.springframework.beans.factory.support.DefaultListableBeanFactory.doResolveDependency(DefaultListableBeanFactory.java:1357)
	at org.springframework.beans.factory.support.DefaultListableBeanFactory.resolveDependency(DefaultListableBeanFactory.java:1311)
	at org.springframework.context.annotation.CommonAnnotationBeanPostProcessor.autowireResource(CommonAnnotationBeanPostProcessor.java:544)
	at org.springframework.context.annotation.CommonAnnotationBeanPostProcessor.getResource(CommonAnnotationBeanPostProcessor.java:520)
	at org.springframework.context.annotation.CommonAnnotationBeanPostProcessor$ResourceElement.getResourceToInject(CommonAnnotationBeanPostProcessor.java:673)
	at org.springframework.beans.factory.annotation.InjectionMetadata$InjectedElement.inject(InjectionMetadata.java:228)
	at org.springframework.beans.factory.annotation.InjectionMetadata.inject(InjectionMetadata.java:119)
	at org.springframework.context.annotation.CommonAnnotationBeanPostProcessor.postProcessProperties(CommonAnnotationBeanPostProcessor.java:329)
	... 29 common frames omitted
24-07-20.19:12:00.851 [main            ] INFO  RedisTest              - Starting RedisTest using Java 1.8.0_402 on MECHREVO with PID 170288 (started by wucha in E:\projects\big_market\marketing\ddd-main-app)
24-07-20.19:12:00.852 [main            ] INFO  RedisTest              - The following 1 profile is active: "dev"
24-07-20.19:12:01.427 [main            ] INFO  RepositoryConfigurationDelegate - Multiple Spring Data modules found, entering strict repository configuration mode
24-07-20.19:12:01.429 [main            ] INFO  RepositoryConfigurationDelegate - Bootstrapping Spring Data Redis repositories in DEFAULT mode.
24-07-20.19:12:01.447 [main            ] INFO  RepositoryConfigurationDelegate - Finished Spring Data repository scanning in 7 ms. Found 0 Redis repository interfaces.
24-07-20.19:12:02.321 [main            ] INFO  Version                - Redisson 3.23.4
24-07-20.19:12:02.780 [redisson-netty-2-5] INFO  MasterPubSubConnectionPool - 1 connections initialized for localhost/127.0.0.1:6379
24-07-20.19:12:02.831 [redisson-netty-2-20] INFO  MasterConnectionPool   - 24 connections initialized for localhost/127.0.0.1:6379
24-07-20.19:12:04.313 [main            ] INFO  EndpointLinksResolver  - Exposing 1 endpoint(s) beneath base path '/actuator'
24-07-20.19:12:04.376 [main            ] INFO  RedisTest              - Started RedisTest in 3.842 seconds (JVM running for 4.473)
24-07-20.19:12:11.192 [main            ] INFO  StrategyTest           - Starting StrategyTest using Java 1.8.0_402 on MECHREVO with PID 166508 (started by wucha in E:\projects\big_market\marketing\ddd-main-app)
24-07-20.19:12:11.193 [main            ] INFO  StrategyTest           - The following 1 profile is active: "dev"
24-07-20.19:12:11.781 [main            ] INFO  RepositoryConfigurationDelegate - Multiple Spring Data modules found, entering strict repository configuration mode
24-07-20.19:12:11.784 [main            ] INFO  RepositoryConfigurationDelegate - Bootstrapping Spring Data Redis repositories in DEFAULT mode.
24-07-20.19:12:11.801 [main            ] INFO  RepositoryConfigurationDelegate - Finished Spring Data repository scanning in 7 ms. Found 0 Redis repository interfaces.
24-07-20.19:12:12.670 [main            ] INFO  Version                - Redisson 3.23.4
24-07-20.19:12:13.179 [redisson-netty-2-5] INFO  MasterPubSubConnectionPool - 1 connections initialized for localhost/127.0.0.1:6379
24-07-20.19:12:13.234 [redisson-netty-2-20] INFO  MasterConnectionPool   - 24 connections initialized for localhost/127.0.0.1:6379
24-07-20.19:12:14.661 [main            ] INFO  EndpointLinksResolver  - Exposing 1 endpoint(s) beneath base path '/actuator'
24-07-20.19:12:14.712 [main            ] INFO  StrategyTest           - Started StrategyTest in 3.821 seconds (JVM running for 4.494)
24-07-20.19:12:15.024 [main            ] INFO  HikariDataSource       - HikariPool-1 - Starting...
24-07-20.19:12:15.435 [main            ] INFO  HikariDataSource       - HikariPool-1 - Start completed.
24-07-20.19:12:15.672 [SpringApplicationShutdownHook] INFO  HikariDataSource       - HikariPool-1 - Shutdown initiated...
24-07-20.19:12:15.689 [SpringApplicationShutdownHook] INFO  HikariDataSource       - HikariPool-1 - Shutdown completed.
24-07-20.19:12:26.396 [main            ] INFO  FilterTest             - Starting FilterTest using Java 1.8.0_402 on MECHREVO with PID 164320 (started by wucha in E:\projects\big_market\marketing\ddd-main-app)
24-07-20.19:12:26.397 [main            ] INFO  FilterTest             - The following 1 profile is active: "dev"
24-07-20.19:12:26.994 [main            ] INFO  RepositoryConfigurationDelegate - Multiple Spring Data modules found, entering strict repository configuration mode
24-07-20.19:12:26.996 [main            ] INFO  RepositoryConfigurationDelegate - Bootstrapping Spring Data Redis repositories in DEFAULT mode.
24-07-20.19:12:27.014 [main            ] INFO  RepositoryConfigurationDelegate - Finished Spring Data repository scanning in 8 ms. Found 0 Redis repository interfaces.
24-07-20.19:12:27.872 [main            ] INFO  Version                - Redisson 3.23.4
24-07-20.19:12:28.342 [redisson-netty-2-5] INFO  MasterPubSubConnectionPool - 1 connections initialized for localhost/127.0.0.1:6379
24-07-20.19:12:28.392 [redisson-netty-2-20] INFO  MasterConnectionPool   - 24 connections initialized for localhost/127.0.0.1:6379
24-07-20.19:12:29.860 [main            ] INFO  EndpointLinksResolver  - Exposing 1 endpoint(s) beneath base path '/actuator'
24-07-20.19:12:29.914 [main            ] INFO  FilterTest             - Started FilterTest in 3.814 seconds (JVM running for 4.5)
24-07-20.19:12:29.976 [main            ] ERROR TestContextManager     - Caught exception while allowing TestExecutionListener [org.springframework.boot.test.autoconfigure.SpringBootDependencyInjectionTestExecutionListener@2002fc1d] to prepare test instance [org.example.test.domain.FilterTest@7bfa1eb5]
org.springframework.beans.factory.BeanCreationException: Error creating bean with name 'org.example.test.domain.FilterTest': Injection of resource dependencies failed; nested exception is org.springframework.beans.factory.NoSuchBeanDefinitionException: No qualifying bean of type 'org.example.domain.strategy.service.ILotteryService' available: expected at least 1 bean which qualifies as autowire candidate. Dependency annotations: {@javax.annotation.Resource(shareable=true, lookup=, name=, description=, authenticationType=CONTAINER, type=class java.lang.Object, mappedName=)}
	at org.springframework.context.annotation.CommonAnnotationBeanPostProcessor.postProcessProperties(CommonAnnotationBeanPostProcessor.java:332)
	at org.springframework.beans.factory.support.AbstractAutowireCapableBeanFactory.populateBean(AbstractAutowireCapableBeanFactory.java:1431)
	at org.springframework.beans.factory.support.AbstractAutowireCapableBeanFactory.autowireBeanProperties(AbstractAutowireCapableBeanFactory.java:417)
	at org.springframework.test.context.support.DependencyInjectionTestExecutionListener.injectDependencies(DependencyInjectionTestExecutionListener.java:119)
	at org.springframework.test.context.support.DependencyInjectionTestExecutionListener.prepareTestInstance(DependencyInjectionTestExecutionListener.java:83)
	at org.springframework.boot.test.autoconfigure.SpringBootDependencyInjectionTestExecutionListener.prepareTestInstance(SpringBootDependencyInjectionTestExecutionListener.java:43)
	at org.springframework.test.context.TestContextManager.prepareTestInstance(TestContextManager.java:248)
	at org.springframework.test.context.junit4.SpringJUnit4ClassRunner.createTest(SpringJUnit4ClassRunner.java:227)
	at org.springframework.test.context.junit4.SpringJUnit4ClassRunner$1.runReflectiveCall(SpringJUnit4ClassRunner.java:289)
	at org.junit.internal.runners.model.ReflectiveCallable.run(ReflectiveCallable.java:12)
	at org.springframework.test.context.junit4.SpringJUnit4ClassRunner.methodBlock(SpringJUnit4ClassRunner.java:291)
	at org.springframework.test.context.junit4.SpringJUnit4ClassRunner.runChild(SpringJUnit4ClassRunner.java:246)
	at org.springframework.test.context.junit4.SpringJUnit4ClassRunner.runChild(SpringJUnit4ClassRunner.java:97)
	at org.junit.runners.ParentRunner$4.run(ParentRunner.java:331)
	at org.junit.runners.ParentRunner$1.schedule(ParentRunner.java:79)
	at org.junit.runners.ParentRunner.runChildren(ParentRunner.java:329)
	at org.junit.runners.ParentRunner.access$100(ParentRunner.java:66)
	at org.junit.runners.ParentRunner$2.evaluate(ParentRunner.java:293)
	at org.springframework.test.context.junit4.statements.RunBeforeTestClassCallbacks.evaluate(RunBeforeTestClassCallbacks.java:61)
	at org.springframework.test.context.junit4.statements.RunAfterTestClassCallbacks.evaluate(RunAfterTestClassCallbacks.java:70)
	at org.junit.runners.ParentRunner$3.evaluate(ParentRunner.java:306)
	at org.junit.runners.ParentRunner.run(ParentRunner.java:413)
	at org.springframework.test.context.junit4.SpringJUnit4ClassRunner.run(SpringJUnit4ClassRunner.java:190)
	at org.junit.runner.JUnitCore.run(JUnitCore.java:137)
	at com.intellij.junit4.JUnit4IdeaTestRunner.startRunnerWithArgs(JUnit4IdeaTestRunner.java:69)
	at com.intellij.rt.junit.IdeaTestRunner$Repeater$1.execute(IdeaTestRunner.java:38)
	at com.intellij.rt.execution.junit.TestsRepeater.repeat(TestsRepeater.java:11)
	at com.intellij.rt.junit.IdeaTestRunner$Repeater.startRunnerWithArgs(IdeaTestRunner.java:35)
	at com.intellij.rt.junit.JUnitStarter.prepareStreamsAndStart(JUnitStarter.java:232)
	at com.intellij.rt.junit.JUnitStarter.main(JUnitStarter.java:55)
Caused by: org.springframework.beans.factory.NoSuchBeanDefinitionException: No qualifying bean of type 'org.example.domain.strategy.service.ILotteryService' available: expected at least 1 bean which qualifies as autowire candidate. Dependency annotations: {@javax.annotation.Resource(shareable=true, lookup=, name=, description=, authenticationType=CONTAINER, type=class java.lang.Object, mappedName=)}
	at org.springframework.beans.factory.support.DefaultListableBeanFactory.raiseNoMatchingBeanFound(DefaultListableBeanFactory.java:1801)
	at org.springframework.beans.factory.support.DefaultListableBeanFactory.doResolveDependency(DefaultListableBeanFactory.java:1357)
	at org.springframework.beans.factory.support.DefaultListableBeanFactory.resolveDependency(DefaultListableBeanFactory.java:1311)
	at org.springframework.context.annotation.CommonAnnotationBeanPostProcessor.autowireResource(CommonAnnotationBeanPostProcessor.java:544)
	at org.springframework.context.annotation.CommonAnnotationBeanPostProcessor.getResource(CommonAnnotationBeanPostProcessor.java:520)
	at org.springframework.context.annotation.CommonAnnotationBeanPostProcessor$ResourceElement.getResourceToInject(CommonAnnotationBeanPostProcessor.java:673)
	at org.springframework.beans.factory.annotation.InjectionMetadata$InjectedElement.inject(InjectionMetadata.java:228)
	at org.springframework.beans.factory.annotation.InjectionMetadata.inject(InjectionMetadata.java:119)
	at org.springframework.context.annotation.CommonAnnotationBeanPostProcessor.postProcessProperties(CommonAnnotationBeanPostProcessor.java:329)
	... 29 common frames omitted
24-07-20.19:13:23.637 [main            ] INFO  FilterTest             - Starting FilterTest using Java 1.8.0_402 on MECHREVO with PID 166904 (started by wucha in E:\projects\big_market\marketing\ddd-main-app)
24-07-20.19:13:23.638 [main            ] INFO  FilterTest             - The following 1 profile is active: "dev"
24-07-20.19:13:24.385 [main            ] INFO  RepositoryConfigurationDelegate - Multiple Spring Data modules found, entering strict repository configuration mode
24-07-20.19:13:24.388 [main            ] INFO  RepositoryConfigurationDelegate - Bootstrapping Spring Data Redis repositories in DEFAULT mode.
24-07-20.19:13:24.411 [main            ] INFO  RepositoryConfigurationDelegate - Finished Spring Data repository scanning in 8 ms. Found 0 Redis repository interfaces.
24-07-20.19:13:25.328 [main            ] INFO  Version                - Redisson 3.23.4
24-07-20.19:13:25.804 [redisson-netty-2-6] INFO  MasterPubSubConnectionPool - 1 connections initialized for localhost/127.0.0.1:6379
24-07-20.19:13:25.859 [redisson-netty-2-20] INFO  MasterConnectionPool   - 24 connections initialized for localhost/127.0.0.1:6379
24-07-20.19:13:27.317 [main            ] INFO  EndpointLinksResolver  - Exposing 1 endpoint(s) beneath base path '/actuator'
24-07-20.19:13:27.373 [main            ] INFO  FilterTest             - Started FilterTest in 4.048 seconds (JVM running for 4.811)
24-07-20.19:14:42.672 [main            ] INFO  FilterTest             - Starting FilterTest using Java 1.8.0_402 on MECHREVO with PID 167388 (started by wucha in E:\projects\big_market\marketing\ddd-main-app)
24-07-20.19:14:42.674 [main            ] INFO  FilterTest             - The following 1 profile is active: "dev"
24-07-20.19:14:43.272 [main            ] INFO  RepositoryConfigurationDelegate - Multiple Spring Data modules found, entering strict repository configuration mode
24-07-20.19:14:43.275 [main            ] INFO  RepositoryConfigurationDelegate - Bootstrapping Spring Data Redis repositories in DEFAULT mode.
24-07-20.19:14:43.296 [main            ] INFO  RepositoryConfigurationDelegate - Finished Spring Data repository scanning in 8 ms. Found 0 Redis repository interfaces.
24-07-20.19:14:46.880 [main            ] INFO  FilterTest             - Starting FilterTest using Java 1.8.0_402 on MECHREVO with PID 170792 (started by wucha in E:\projects\big_market\marketing\ddd-main-app)
24-07-20.19:14:46.881 [main            ] INFO  FilterTest             - The following 1 profile is active: "dev"
24-07-20.19:14:47.468 [main            ] INFO  RepositoryConfigurationDelegate - Multiple Spring Data modules found, entering strict repository configuration mode
24-07-20.19:14:47.470 [main            ] INFO  RepositoryConfigurationDelegate - Bootstrapping Spring Data Redis repositories in DEFAULT mode.
24-07-20.19:14:47.489 [main            ] INFO  RepositoryConfigurationDelegate - Finished Spring Data repository scanning in 7 ms. Found 0 Redis repository interfaces.
24-07-20.19:14:48.366 [main            ] INFO  Version                - Redisson 3.23.4
24-07-20.19:14:48.844 [redisson-netty-2-5] INFO  MasterPubSubConnectionPool - 1 connections initialized for localhost/127.0.0.1:6379
24-07-20.19:14:48.906 [redisson-netty-2-20] INFO  MasterConnectionPool   - 24 connections initialized for localhost/127.0.0.1:6379
24-07-20.19:14:50.393 [main            ] INFO  EndpointLinksResolver  - Exposing 1 endpoint(s) beneath base path '/actuator'
24-07-20.19:14:50.452 [main            ] INFO  FilterTest             - Started FilterTest in 3.878 seconds (JVM running for 4.525)
24-07-20.19:15:12.509 [main            ] INFO  FilterTest             - Starting FilterTest using Java 1.8.0_402 on MECHREVO with PID 171620 (started by wucha in E:\projects\big_market\marketing\ddd-main-app)
24-07-20.19:15:12.510 [main            ] INFO  FilterTest             - The following 1 profile is active: "dev"
24-07-20.19:15:13.162 [main            ] INFO  RepositoryConfigurationDelegate - Multiple Spring Data modules found, entering strict repository configuration mode
24-07-20.19:15:13.165 [main            ] INFO  RepositoryConfigurationDelegate - Bootstrapping Spring Data Redis repositories in DEFAULT mode.
24-07-20.19:15:13.187 [main            ] INFO  RepositoryConfigurationDelegate - Finished Spring Data repository scanning in 12 ms. Found 0 Redis repository interfaces.
24-07-20.19:15:14.127 [main            ] INFO  Version                - Redisson 3.23.4
24-07-20.19:15:14.635 [redisson-netty-2-5] INFO  MasterPubSubConnectionPool - 1 connections initialized for localhost/127.0.0.1:6379
24-07-20.19:15:14.697 [redisson-netty-2-20] INFO  MasterConnectionPool   - 24 connections initialized for localhost/127.0.0.1:6379
24-07-20.19:15:16.386 [main            ] INFO  EndpointLinksResolver  - Exposing 1 endpoint(s) beneath base path '/actuator'
24-07-20.19:15:16.432 [main            ] INFO  FilterTest             - Started FilterTest in 4.284 seconds (JVM running for 5.438)
24-07-20.19:44:12.458 [main            ] INFO  FilterTest             - Starting FilterTest using Java 1.8.0_402 on MECHREVO with PID 184104 (started by wucha in E:\projects\big_market\marketing\ddd-main-app)
24-07-20.19:44:12.459 [main            ] INFO  FilterTest             - The following 1 profile is active: "dev"
24-07-20.19:44:13.120 [main            ] INFO  RepositoryConfigurationDelegate - Multiple Spring Data modules found, entering strict repository configuration mode
24-07-20.19:44:13.122 [main            ] INFO  RepositoryConfigurationDelegate - Bootstrapping Spring Data Redis repositories in DEFAULT mode.
24-07-20.19:44:13.143 [main            ] INFO  RepositoryConfigurationDelegate - Finished Spring Data repository scanning in 8 ms. Found 0 Redis repository interfaces.
24-07-20.19:44:14.168 [main            ] INFO  Version                - Redisson 3.23.4
24-07-20.19:44:14.690 [redisson-netty-2-5] INFO  MasterPubSubConnectionPool - 1 connections initialized for localhost/127.0.0.1:6379
24-07-20.19:44:14.751 [redisson-netty-2-20] INFO  MasterConnectionPool   - 24 connections initialized for localhost/127.0.0.1:6379
24-07-20.19:44:16.518 [main            ] INFO  EndpointLinksResolver  - Exposing 1 endpoint(s) beneath base path '/actuator'
24-07-20.19:44:16.584 [main            ] INFO  FilterTest             - Started FilterTest in 4.482 seconds (JVM running for 5.235)
24-07-20.19:55:18.127 [main            ] INFO  FilterTest             - Starting FilterTest using Java 1.8.0_402 on MECHREVO with PID 188964 (started by wucha in E:\projects\big_market\marketing\ddd-main-app)
24-07-20.19:55:18.128 [main            ] INFO  FilterTest             - The following 1 profile is active: "dev"
24-07-20.19:55:18.868 [main            ] INFO  RepositoryConfigurationDelegate - Multiple Spring Data modules found, entering strict repository configuration mode
24-07-20.19:55:18.871 [main            ] INFO  RepositoryConfigurationDelegate - Bootstrapping Spring Data Redis repositories in DEFAULT mode.
24-07-20.19:55:18.895 [main            ] INFO  RepositoryConfigurationDelegate - Finished Spring Data repository scanning in 8 ms. Found 0 Redis repository interfaces.
24-07-20.19:55:19.951 [main            ] INFO  Version                - Redisson 3.23.4
24-07-20.19:55:20.481 [redisson-netty-2-5] INFO  MasterPubSubConnectionPool - 1 connections initialized for localhost/127.0.0.1:6379
24-07-20.19:55:20.545 [redisson-netty-2-20] INFO  MasterConnectionPool   - 24 connections initialized for localhost/127.0.0.1:6379
24-07-20.19:55:22.312 [main            ] INFO  EndpointLinksResolver  - Exposing 1 endpoint(s) beneath base path '/actuator'
24-07-20.19:55:22.363 [main            ] INFO  FilterTest             - Started FilterTest in 4.635 seconds (JVM running for 5.485)
24-07-20.19:57:09.306 [main            ] INFO  FilterTest             - Starting FilterTest using Java 1.8.0_402 on MECHREVO with PID 192276 (started by wucha in E:\projects\big_market\marketing\ddd-main-app)
24-07-20.19:57:09.307 [main            ] INFO  FilterTest             - The following 1 profile is active: "dev"
24-07-20.19:57:09.926 [main            ] INFO  RepositoryConfigurationDelegate - Multiple Spring Data modules found, entering strict repository configuration mode
24-07-20.19:57:09.928 [main            ] INFO  RepositoryConfigurationDelegate - Bootstrapping Spring Data Redis repositories in DEFAULT mode.
24-07-20.19:57:09.949 [main            ] INFO  RepositoryConfigurationDelegate - Finished Spring Data repository scanning in 8 ms. Found 0 Redis repository interfaces.
24-07-20.19:57:10.919 [main            ] INFO  Version                - Redisson 3.23.4
24-07-20.19:57:11.370 [redisson-netty-2-5] INFO  MasterPubSubConnectionPool - 1 connections initialized for localhost/127.0.0.1:6379
24-07-20.19:57:11.422 [redisson-netty-2-20] INFO  MasterConnectionPool   - 24 connections initialized for localhost/127.0.0.1:6379
24-07-20.19:57:12.898 [main            ] INFO  EndpointLinksResolver  - Exposing 1 endpoint(s) beneath base path '/actuator'
24-07-20.19:57:12.940 [main            ] INFO  FilterTest             - Started FilterTest in 3.947 seconds (JVM running for 4.64)
24-07-20.19:59:05.441 [main            ] INFO  FilterTest             - Starting FilterTest using Java 1.8.0_402 on MECHREVO with PID 191992 (started by wucha in E:\projects\big_market\marketing\ddd-main-app)
24-07-20.19:59:05.442 [main            ] INFO  FilterTest             - The following 1 profile is active: "dev"
24-07-20.19:59:06.102 [main            ] INFO  RepositoryConfigurationDelegate - Multiple Spring Data modules found, entering strict repository configuration mode
24-07-20.19:59:06.105 [main            ] INFO  RepositoryConfigurationDelegate - Bootstrapping Spring Data Redis repositories in DEFAULT mode.
24-07-20.19:59:06.130 [main            ] INFO  RepositoryConfigurationDelegate - Finished Spring Data repository scanning in 10 ms. Found 0 Redis repository interfaces.
24-07-20.19:59:07.127 [main            ] INFO  Version                - Redisson 3.23.4
24-07-20.19:59:07.635 [redisson-netty-2-6] INFO  MasterPubSubConnectionPool - 1 connections initialized for localhost/127.0.0.1:6379
24-07-20.19:59:07.699 [redisson-netty-2-20] INFO  MasterConnectionPool   - 24 connections initialized for localhost/127.0.0.1:6379
24-07-20.19:59:09.372 [main            ] INFO  EndpointLinksResolver  - Exposing 1 endpoint(s) beneath base path '/actuator'
24-07-20.19:59:09.435 [main            ] INFO  FilterTest             - Started FilterTest in 4.434 seconds (JVM running for 5.27)
24-07-20.20:01:03.492 [main            ] INFO  FilterTest             - Starting FilterTest using Java 1.8.0_402 on MECHREVO with PID 193608 (started by wucha in E:\projects\big_market\marketing\ddd-main-app)
24-07-20.20:01:03.493 [main            ] INFO  FilterTest             - The following 1 profile is active: "dev"
24-07-20.20:01:04.156 [main            ] INFO  RepositoryConfigurationDelegate - Multiple Spring Data modules found, entering strict repository configuration mode
24-07-20.20:01:04.159 [main            ] INFO  RepositoryConfigurationDelegate - Bootstrapping Spring Data Redis repositories in DEFAULT mode.
24-07-20.20:01:04.179 [main            ] INFO  RepositoryConfigurationDelegate - Finished Spring Data repository scanning in 8 ms. Found 0 Redis repository interfaces.
24-07-20.20:01:05.180 [main            ] INFO  Version                - Redisson 3.23.4
24-07-20.20:01:05.676 [redisson-netty-2-5] INFO  MasterPubSubConnectionPool - 1 connections initialized for localhost/127.0.0.1:6379
24-07-20.20:01:05.731 [redisson-netty-2-20] INFO  MasterConnectionPool   - 24 connections initialized for localhost/127.0.0.1:6379
24-07-20.20:01:07.560 [main            ] INFO  EndpointLinksResolver  - Exposing 1 endpoint(s) beneath base path '/actuator'
24-07-20.20:01:07.610 [main            ] INFO  FilterTest             - Started FilterTest in 4.493 seconds (JVM running for 5.224)
24-07-20.20:01:34.516 [main            ] INFO  FilterTest             - Starting FilterTest using Java 1.8.0_402 on MECHREVO with PID 194180 (started by wucha in E:\projects\big_market\marketing\ddd-main-app)
24-07-20.20:01:34.517 [main            ] INFO  FilterTest             - The following 1 profile is active: "dev"
24-07-20.20:01:35.158 [main            ] INFO  RepositoryConfigurationDelegate - Multiple Spring Data modules found, entering strict repository configuration mode
24-07-20.20:01:35.160 [main            ] INFO  RepositoryConfigurationDelegate - Bootstrapping Spring Data Redis repositories in DEFAULT mode.
24-07-20.20:01:35.181 [main            ] INFO  RepositoryConfigurationDelegate - Finished Spring Data repository scanning in 10 ms. Found 0 Redis repository interfaces.
24-07-20.20:01:36.140 [main            ] INFO  Version                - Redisson 3.23.4
24-07-20.20:01:36.659 [redisson-netty-2-5] INFO  MasterPubSubConnectionPool - 1 connections initialized for localhost/127.0.0.1:6379
24-07-20.20:01:36.717 [redisson-netty-2-20] INFO  MasterConnectionPool   - 24 connections initialized for localhost/127.0.0.1:6379
24-07-20.20:01:38.461 [main            ] INFO  EndpointLinksResolver  - Exposing 1 endpoint(s) beneath base path '/actuator'
24-07-20.20:01:38.517 [main            ] INFO  FilterTest             - Started FilterTest in 4.367 seconds (JVM running for 5.118)
24-07-20.20:02:52.705 [main            ] INFO  FilterTest             - Starting FilterTest using Java 1.8.0_402 on MECHREVO with PID 196260 (started by wucha in E:\projects\big_market\marketing\ddd-main-app)
24-07-20.20:02:52.706 [main            ] INFO  FilterTest             - The following 1 profile is active: "dev"
24-07-20.20:02:53.353 [main            ] INFO  RepositoryConfigurationDelegate - Multiple Spring Data modules found, entering strict repository configuration mode
24-07-20.20:02:53.355 [main            ] INFO  RepositoryConfigurationDelegate - Bootstrapping Spring Data Redis repositories in DEFAULT mode.
24-07-20.20:02:53.376 [main            ] INFO  RepositoryConfigurationDelegate - Finished Spring Data repository scanning in 9 ms. Found 0 Redis repository interfaces.
24-07-20.20:02:54.330 [main            ] INFO  Version                - Redisson 3.23.4
24-07-20.20:02:54.816 [redisson-netty-2-5] INFO  MasterPubSubConnectionPool - 1 connections initialized for localhost/127.0.0.1:6379
24-07-20.20:02:54.872 [redisson-netty-2-20] INFO  MasterConnectionPool   - 24 connections initialized for localhost/127.0.0.1:6379
24-07-20.20:02:56.448 [main            ] INFO  EndpointLinksResolver  - Exposing 1 endpoint(s) beneath base path '/actuator'
24-07-20.20:02:56.498 [main            ] INFO  FilterTest             - Started FilterTest in 4.152 seconds (JVM running for 4.894)
24-07-20.20:09:56.045 [main            ] INFO  FilterTest             - Starting FilterTest using Java 1.8.0_402 on MECHREVO with PID 201492 (started by wucha in E:\projects\big_market\marketing\ddd-main-app)
24-07-20.20:09:56.046 [main            ] INFO  FilterTest             - The following 1 profile is active: "dev"
24-07-20.20:09:56.849 [main            ] INFO  RepositoryConfigurationDelegate - Multiple Spring Data modules found, entering strict repository configuration mode
24-07-20.20:09:56.852 [main            ] INFO  RepositoryConfigurationDelegate - Bootstrapping Spring Data Redis repositories in DEFAULT mode.
24-07-20.20:09:56.875 [main            ] INFO  RepositoryConfigurationDelegate - Finished Spring Data repository scanning in 8 ms. Found 0 Redis repository interfaces.
24-07-20.20:09:58.088 [main            ] INFO  Version                - Redisson 3.23.4
24-07-20.20:09:58.651 [redisson-netty-2-5] INFO  MasterPubSubConnectionPool - 1 connections initialized for localhost/127.0.0.1:6379
24-07-20.20:09:58.721 [redisson-netty-2-20] INFO  MasterConnectionPool   - 24 connections initialized for localhost/127.0.0.1:6379
24-07-20.20:10:00.670 [main            ] INFO  EndpointLinksResolver  - Exposing 1 endpoint(s) beneath base path '/actuator'
24-07-20.20:10:00.738 [main            ] INFO  FilterTest             - Started FilterTest in 5.109 seconds (JVM running for 6.191)
24-07-20.20:10:19.921 [main            ] INFO  FilterTest             - Starting FilterTest using Java 1.8.0_402 on MECHREVO with PID 201892 (started by wucha in E:\projects\big_market\marketing\ddd-main-app)
24-07-20.20:10:19.922 [main            ] INFO  FilterTest             - The following 1 profile is active: "dev"
24-07-20.20:10:20.604 [main            ] INFO  RepositoryConfigurationDelegate - Multiple Spring Data modules found, entering strict repository configuration mode
24-07-20.20:10:20.606 [main            ] INFO  RepositoryConfigurationDelegate - Bootstrapping Spring Data Redis repositories in DEFAULT mode.
24-07-20.20:10:20.627 [main            ] INFO  RepositoryConfigurationDelegate - Finished Spring Data repository scanning in 7 ms. Found 0 Redis repository interfaces.
24-07-20.20:10:21.671 [main            ] INFO  Version                - Redisson 3.23.4
24-07-20.20:10:22.180 [redisson-netty-2-5] INFO  MasterPubSubConnectionPool - 1 connections initialized for localhost/127.0.0.1:6379
24-07-20.20:10:22.244 [redisson-netty-2-20] INFO  MasterConnectionPool   - 24 connections initialized for localhost/127.0.0.1:6379
24-07-20.20:10:24.032 [main            ] INFO  EndpointLinksResolver  - Exposing 1 endpoint(s) beneath base path '/actuator'
24-07-20.20:10:24.096 [main            ] INFO  FilterTest             - Started FilterTest in 4.557 seconds (JVM running for 5.364)
24-07-20.20:13:26.370 [main            ] INFO  FilterTest             - Starting FilterTest using Java 1.8.0_402 on MECHREVO with PID 202352 (started by wucha in E:\projects\big_market\marketing\ddd-main-app)
24-07-20.20:13:26.371 [main            ] INFO  FilterTest             - The following 1 profile is active: "dev"
24-07-20.20:13:27.136 [main            ] INFO  RepositoryConfigurationDelegate - Multiple Spring Data modules found, entering strict repository configuration mode
24-07-20.20:13:27.139 [main            ] INFO  RepositoryConfigurationDelegate - Bootstrapping Spring Data Redis repositories in DEFAULT mode.
24-07-20.20:13:27.163 [main            ] INFO  RepositoryConfigurationDelegate - Finished Spring Data repository scanning in 8 ms. Found 0 Redis repository interfaces.
24-07-20.20:13:28.308 [main            ] INFO  Version                - Redisson 3.23.4
24-07-20.20:13:28.899 [redisson-netty-2-5] INFO  MasterPubSubConnectionPool - 1 connections initialized for localhost/127.0.0.1:6379
24-07-20.20:13:28.958 [redisson-netty-2-20] INFO  MasterConnectionPool   - 24 connections initialized for localhost/127.0.0.1:6379
24-07-20.20:13:30.902 [main            ] INFO  EndpointLinksResolver  - Exposing 1 endpoint(s) beneath base path '/actuator'
24-07-20.20:13:30.971 [main            ] INFO  FilterTest             - Started FilterTest in 4.987 seconds (JVM running for 5.861)
24-07-20.20:13:37.017 [main            ] INFO  FilterTest             - Starting FilterTest using Java 1.8.0_402 on MECHREVO with PID 200820 (started by wucha in E:\projects\big_market\marketing\ddd-main-app)
24-07-20.20:13:37.017 [main            ] INFO  FilterTest             - The following 1 profile is active: "dev"
24-07-20.20:13:37.709 [main            ] INFO  RepositoryConfigurationDelegate - Multiple Spring Data modules found, entering strict repository configuration mode
24-07-20.20:13:37.712 [main            ] INFO  RepositoryConfigurationDelegate - Bootstrapping Spring Data Redis repositories in DEFAULT mode.
24-07-20.20:13:37.732 [main            ] INFO  RepositoryConfigurationDelegate - Finished Spring Data repository scanning in 8 ms. Found 0 Redis repository interfaces.
24-07-20.20:13:38.677 [main            ] INFO  Version                - Redisson 3.23.4
24-07-20.20:13:39.172 [redisson-netty-2-5] INFO  MasterPubSubConnectionPool - 1 connections initialized for localhost/127.0.0.1:6379
24-07-20.20:13:39.228 [redisson-netty-2-20] INFO  MasterConnectionPool   - 24 connections initialized for localhost/127.0.0.1:6379
24-07-20.20:13:40.844 [main            ] INFO  EndpointLinksResolver  - Exposing 1 endpoint(s) beneath base path '/actuator'
24-07-20.20:13:40.890 [main            ] INFO  FilterTest             - Started FilterTest in 4.244 seconds (JVM running for 4.963)
